2021-01-22 16:56:57.264 [main] Connection$Base - Automation Testing Start Running !!!
2021-01-22 16:57:00.050 [main] Connection$Base - Browser has been launched
2021-01-22 16:57:09.601 [main] cache - Couldn't find template in cache for "index.ftl"("en", UTF-8, parsed); will try to load it.
2021-01-22 16:57:09.602 [main] cache - TemplateLoader.findTemplateSource("index_en.ftl"): Not found
2021-01-22 16:57:09.603 [main] cache - TemplateLoader.findTemplateSource("index.ftl"): Found
2021-01-22 16:57:09.604 [main] cache - Loading template for "index.ftl"("en", UTF-8, parsed) from "jar:file:/C:/Users/pallavi.tr/.m2/repository/com/aventstack/extentreports/3.1.5/extentreports-3.1.5.jar!/com/aventstack/extentreports/view/html-report/index.ftl"
2021-01-22 16:57:09.763 [main] cache - Couldn't find template in cache for "head.ftl"("en", UTF-8, parsed); will try to load it.
2021-01-22 16:57:09.764 [main] cache - TemplateLoader.findTemplateSource("head_en.ftl"): Not found
2021-01-22 16:57:09.765 [main] cache - TemplateLoader.findTemplateSource("head.ftl"): Found
2021-01-22 16:57:09.765 [main] cache - Loading template for "head.ftl"("en", UTF-8, parsed) from "jar:file:/C:/Users/pallavi.tr/.m2/repository/com/aventstack/extentreports/3.1.5/extentreports-3.1.5.jar!/com/aventstack/extentreports/view/html-report/head.ftl"
2021-01-22 16:57:09.769 [main] cache - Couldn't find template in cache for "nav.ftl"("en", UTF-8, parsed); will try to load it.
2021-01-22 16:57:09.770 [main] cache - TemplateLoader.findTemplateSource("nav_en.ftl"): Not found
2021-01-22 16:57:09.770 [main] cache - TemplateLoader.findTemplateSource("nav.ftl"): Found
2021-01-22 16:57:09.770 [main] cache - Loading template for "nav.ftl"("en", UTF-8, parsed) from "jar:file:/C:/Users/pallavi.tr/.m2/repository/com/aventstack/extentreports/3.1.5/extentreports-3.1.5.jar!/com/aventstack/extentreports/view/html-report/nav.ftl"
2021-01-22 16:57:09.782 [main] cache - Couldn't find template in cache for "test-view/test-view.ftl"("en", UTF-8, parsed); will try to load it.
2021-01-22 16:57:09.783 [main] cache - TemplateLoader.findTemplateSource("test-view/test-view_en.ftl"): Not found
2021-01-22 16:57:09.783 [main] cache - TemplateLoader.findTemplateSource("test-view/test-view.ftl"): Found
2021-01-22 16:57:09.784 [main] cache - Loading template for "test-view/test-view.ftl"("en", UTF-8, parsed) from "jar:file:/C:/Users/pallavi.tr/.m2/repository/com/aventstack/extentreports/3.1.5/extentreports-3.1.5.jar!/com/aventstack/extentreports/view/html-report/test-view/test-view.ftl"
2021-01-22 16:57:09.797 [main] cache - Couldn't find template in cache for "test-view/standard.ftl"("en", UTF-8, parsed); will try to load it.
2021-01-22 16:57:09.797 [main] cache - TemplateLoader.findTemplateSource("test-view/standard_en.ftl"): Not found
2021-01-22 16:57:09.797 [main] cache - TemplateLoader.findTemplateSource("test-view/standard.ftl"): Found
2021-01-22 16:57:09.797 [main] cache - Loading template for "test-view/standard.ftl"("en", UTF-8, parsed) from "jar:file:/C:/Users/pallavi.tr/.m2/repository/com/aventstack/extentreports/3.1.5/extentreports-3.1.5.jar!/com/aventstack/extentreports/view/html-report/test-view/standard.ftl"
2021-01-22 16:57:09.808 [main] cache - Couldn't find template in cache for "test-view/test-view-charts.ftl"("en", UTF-8, parsed); will try to load it.
2021-01-22 16:57:09.809 [main] cache - TemplateLoader.findTemplateSource("test-view/test-view-charts_en.ftl"): Not found
2021-01-22 16:57:09.809 [main] cache - TemplateLoader.findTemplateSource("test-view/test-view-charts.ftl"): Found
2021-01-22 16:57:09.809 [main] cache - Loading template for "test-view/test-view-charts.ftl"("en", UTF-8, parsed) from "jar:file:/C:/Users/pallavi.tr/.m2/repository/com/aventstack/extentreports/3.1.5/extentreports-3.1.5.jar!/com/aventstack/extentreports/view/html-report/test-view/test-view-charts.ftl"
2021-01-22 16:57:09.814 [main] cache - Couldn't find template in cache for "category-view/category-view.ftl"("en", UTF-8, parsed); will try to load it.
2021-01-22 16:57:09.814 [main] cache - TemplateLoader.findTemplateSource("category-view/category-view_en.ftl"): Not found
2021-01-22 16:57:09.815 [main] cache - TemplateLoader.findTemplateSource("category-view/category-view.ftl"): Found
2021-01-22 16:57:09.815 [main] cache - Loading template for "category-view/category-view.ftl"("en", UTF-8, parsed) from "jar:file:/C:/Users/pallavi.tr/.m2/repository/com/aventstack/extentreports/3.1.5/extentreports-3.1.5.jar!/com/aventstack/extentreports/view/html-report/category-view/category-view.ftl"
2021-01-22 16:57:09.818 [main] cache - Couldn't find template in cache for "author-view/author-view.ftl"("en", UTF-8, parsed); will try to load it.
2021-01-22 16:57:09.819 [main] cache - TemplateLoader.findTemplateSource("author-view/author-view_en.ftl"): Not found
2021-01-22 16:57:09.819 [main] cache - TemplateLoader.findTemplateSource("author-view/author-view.ftl"): Found
2021-01-22 16:57:09.819 [main] cache - Loading template for "author-view/author-view.ftl"("en", UTF-8, parsed) from "jar:file:/C:/Users/pallavi.tr/.m2/repository/com/aventstack/extentreports/3.1.5/extentreports-3.1.5.jar!/com/aventstack/extentreports/view/html-report/author-view/author-view.ftl"
2021-01-22 16:57:09.823 [main] cache - Couldn't find template in cache for "exception-view/exception-view.ftl"("en", UTF-8, parsed); will try to load it.
2021-01-22 16:57:09.823 [main] cache - TemplateLoader.findTemplateSource("exception-view/exception-view_en.ftl"): Not found
2021-01-22 16:57:09.824 [main] cache - TemplateLoader.findTemplateSource("exception-view/exception-view.ftl"): Found
2021-01-22 16:57:09.824 [main] cache - Loading template for "exception-view/exception-view.ftl"("en", UTF-8, parsed) from "jar:file:/C:/Users/pallavi.tr/.m2/repository/com/aventstack/extentreports/3.1.5/extentreports-3.1.5.jar!/com/aventstack/extentreports/view/html-report/exception-view/exception-view.ftl"
2021-01-22 16:57:09.826 [main] cache - Couldn't find template in cache for "dashboard-view/dashboard-view.ftl"("en", UTF-8, parsed); will try to load it.
2021-01-22 16:57:09.827 [main] cache - TemplateLoader.findTemplateSource("dashboard-view/dashboard-view_en.ftl"): Not found
2021-01-22 16:57:09.829 [main] cache - TemplateLoader.findTemplateSource("dashboard-view/dashboard-view.ftl"): Found
2021-01-22 16:57:09.829 [main] cache - Loading template for "dashboard-view/dashboard-view.ftl"("en", UTF-8, parsed) from "jar:file:/C:/Users/pallavi.tr/.m2/repository/com/aventstack/extentreports/3.1.5/extentreports-3.1.5.jar!/com/aventstack/extentreports/view/html-report/dashboard-view/dashboard-view.ftl"
2021-01-22 16:57:09.835 [main] cache - Couldn't find template in cache for "logs-view/testrunner-logs-view.ftl"("en", UTF-8, parsed); will try to load it.
2021-01-22 16:57:09.837 [main] cache - TemplateLoader.findTemplateSource("logs-view/testrunner-logs-view_en.ftl"): Not found
2021-01-22 16:57:09.844 [main] cache - TemplateLoader.findTemplateSource("logs-view/testrunner-logs-view.ftl"): Found
2021-01-22 16:57:09.844 [main] cache - Loading template for "logs-view/testrunner-logs-view.ftl"("en", UTF-8, parsed) from "jar:file:/C:/Users/pallavi.tr/.m2/repository/com/aventstack/extentreports/3.1.5/extentreports-3.1.5.jar!/com/aventstack/extentreports/view/html-report/logs-view/testrunner-logs-view.ftl"
2021-01-22 16:57:09.851 [main] cache - Couldn't find template in cache for "index.ftl"("en", UTF-8, parsed); will try to load it.
2021-01-22 16:57:09.851 [main] cache - TemplateLoader.findTemplateSource("index_en.ftl"): Not found
2021-01-22 16:57:09.851 [main] cache - TemplateLoader.findTemplateSource("index.ftl"): Found
2021-01-22 16:57:09.855 [main] cache - Loading template for "index.ftl"("en", UTF-8, parsed) from "jar:file:/C:/Users/pallavi.tr/.m2/repository/com/aventstack/extentreports/3.1.5/extentreports-3.1.5.jar!/com/aventstack/extentreports/view/html-report/index.ftl"
2021-01-22 16:57:09.880 [main] cache - Couldn't find template in cache for "head.ftl"("en", UTF-8, parsed); will try to load it.
2021-01-22 16:57:09.881 [main] cache - TemplateLoader.findTemplateSource("head_en.ftl"): Not found
2021-01-22 16:57:09.882 [main] cache - TemplateLoader.findTemplateSource("head.ftl"): Found
2021-01-22 16:57:09.882 [main] cache - Loading template for "head.ftl"("en", UTF-8, parsed) from "jar:file:/C:/Users/pallavi.tr/.m2/repository/com/aventstack/extentreports/3.1.5/extentreports-3.1.5.jar!/com/aventstack/extentreports/view/html-report/head.ftl"
2021-01-22 16:57:09.883 [main] cache - Couldn't find template in cache for "nav.ftl"("en", UTF-8, parsed); will try to load it.
2021-01-22 16:57:09.884 [main] cache - TemplateLoader.findTemplateSource("nav_en.ftl"): Not found
2021-01-22 16:57:09.884 [main] cache - TemplateLoader.findTemplateSource("nav.ftl"): Found
2021-01-22 16:57:09.884 [main] cache - Loading template for "nav.ftl"("en", UTF-8, parsed) from "jar:file:/C:/Users/pallavi.tr/.m2/repository/com/aventstack/extentreports/3.1.5/extentreports-3.1.5.jar!/com/aventstack/extentreports/view/html-report/nav.ftl"
2021-01-22 16:57:09.886 [main] cache - Couldn't find template in cache for "test-view/test-view.ftl"("en", UTF-8, parsed); will try to load it.
2021-01-22 16:57:09.887 [main] cache - TemplateLoader.findTemplateSource("test-view/test-view_en.ftl"): Not found
2021-01-22 16:57:09.887 [main] cache - TemplateLoader.findTemplateSource("test-view/test-view.ftl"): Found
2021-01-22 16:57:09.887 [main] cache - Loading template for "test-view/test-view.ftl"("en", UTF-8, parsed) from "jar:file:/C:/Users/pallavi.tr/.m2/repository/com/aventstack/extentreports/3.1.5/extentreports-3.1.5.jar!/com/aventstack/extentreports/view/html-report/test-view/test-view.ftl"
2021-01-22 16:57:09.892 [main] cache - Couldn't find template in cache for "test-view/standard.ftl"("en", UTF-8, parsed); will try to load it.
2021-01-22 16:57:09.893 [main] cache - TemplateLoader.findTemplateSource("test-view/standard_en.ftl"): Not found
2021-01-22 16:57:09.893 [main] cache - TemplateLoader.findTemplateSource("test-view/standard.ftl"): Found
2021-01-22 16:57:09.893 [main] cache - Loading template for "test-view/standard.ftl"("en", UTF-8, parsed) from "jar:file:/C:/Users/pallavi.tr/.m2/repository/com/aventstack/extentreports/3.1.5/extentreports-3.1.5.jar!/com/aventstack/extentreports/view/html-report/test-view/standard.ftl"
2021-01-22 16:57:09.898 [main] cache - Couldn't find template in cache for "test-view/test-view-charts.ftl"("en", UTF-8, parsed); will try to load it.
2021-01-22 16:57:09.898 [main] cache - TemplateLoader.findTemplateSource("test-view/test-view-charts_en.ftl"): Not found
2021-01-22 16:57:09.898 [main] cache - TemplateLoader.findTemplateSource("test-view/test-view-charts.ftl"): Found
2021-01-22 16:57:09.899 [main] cache - Loading template for "test-view/test-view-charts.ftl"("en", UTF-8, parsed) from "jar:file:/C:/Users/pallavi.tr/.m2/repository/com/aventstack/extentreports/3.1.5/extentreports-3.1.5.jar!/com/aventstack/extentreports/view/html-report/test-view/test-view-charts.ftl"
2021-01-22 16:57:09.902 [main] cache - Couldn't find template in cache for "category-view/category-view.ftl"("en", UTF-8, parsed); will try to load it.
2021-01-22 16:57:09.903 [main] cache - TemplateLoader.findTemplateSource("category-view/category-view_en.ftl"): Not found
2021-01-22 16:57:09.903 [main] cache - TemplateLoader.findTemplateSource("category-view/category-view.ftl"): Found
2021-01-22 16:57:09.903 [main] cache - Loading template for "category-view/category-view.ftl"("en", UTF-8, parsed) from "jar:file:/C:/Users/pallavi.tr/.m2/repository/com/aventstack/extentreports/3.1.5/extentreports-3.1.5.jar!/com/aventstack/extentreports/view/html-report/category-view/category-view.ftl"
2021-01-22 16:57:09.906 [main] cache - Couldn't find template in cache for "author-view/author-view.ftl"("en", UTF-8, parsed); will try to load it.
2021-01-22 16:57:09.907 [main] cache - TemplateLoader.findTemplateSource("author-view/author-view_en.ftl"): Not found
2021-01-22 16:57:09.907 [main] cache - TemplateLoader.findTemplateSource("author-view/author-view.ftl"): Found
2021-01-22 16:57:09.907 [main] cache - Loading template for "author-view/author-view.ftl"("en", UTF-8, parsed) from "jar:file:/C:/Users/pallavi.tr/.m2/repository/com/aventstack/extentreports/3.1.5/extentreports-3.1.5.jar!/com/aventstack/extentreports/view/html-report/author-view/author-view.ftl"
2021-01-22 16:57:09.910 [main] cache - Couldn't find template in cache for "exception-view/exception-view.ftl"("en", UTF-8, parsed); will try to load it.
2021-01-22 16:57:09.911 [main] cache - TemplateLoader.findTemplateSource("exception-view/exception-view_en.ftl"): Not found
2021-01-22 16:57:09.912 [main] cache - TemplateLoader.findTemplateSource("exception-view/exception-view.ftl"): Found
2021-01-22 16:57:09.912 [main] cache - Loading template for "exception-view/exception-view.ftl"("en", UTF-8, parsed) from "jar:file:/C:/Users/pallavi.tr/.m2/repository/com/aventstack/extentreports/3.1.5/extentreports-3.1.5.jar!/com/aventstack/extentreports/view/html-report/exception-view/exception-view.ftl"
2021-01-22 16:57:09.914 [main] cache - Couldn't find template in cache for "dashboard-view/dashboard-view.ftl"("en", UTF-8, parsed); will try to load it.
2021-01-22 16:57:09.914 [main] cache - TemplateLoader.findTemplateSource("dashboard-view/dashboard-view_en.ftl"): Not found
2021-01-22 16:57:09.915 [main] cache - TemplateLoader.findTemplateSource("dashboard-view/dashboard-view.ftl"): Found
2021-01-22 16:57:09.915 [main] cache - Loading template for "dashboard-view/dashboard-view.ftl"("en", UTF-8, parsed) from "jar:file:/C:/Users/pallavi.tr/.m2/repository/com/aventstack/extentreports/3.1.5/extentreports-3.1.5.jar!/com/aventstack/extentreports/view/html-report/dashboard-view/dashboard-view.ftl"
2021-01-22 16:57:09.917 [main] cache - Couldn't find template in cache for "logs-view/testrunner-logs-view.ftl"("en", UTF-8, parsed); will try to load it.
2021-01-22 16:57:09.918 [main] cache - TemplateLoader.findTemplateSource("logs-view/testrunner-logs-view_en.ftl"): Not found
2021-01-22 16:57:09.918 [main] cache - TemplateLoader.findTemplateSource("logs-view/testrunner-logs-view.ftl"): Found
2021-01-22 16:57:09.918 [main] cache - Loading template for "logs-view/testrunner-logs-view.ftl"("en", UTF-8, parsed) from "jar:file:/C:/Users/pallavi.tr/.m2/repository/com/aventstack/extentreports/3.1.5/extentreports-3.1.5.jar!/com/aventstack/extentreports/view/html-report/logs-view/testrunner-logs-view.ftl"
2021-01-22 17:00:15.562 [main] Connection$Base - Automation Testing Start Running !!!
2021-01-22 17:00:18.343 [main] Connection$Base - Browser has been launched
2021-01-22 17:00:29.338 [main] Connection$Base - Clicked on the Library Panel
2021-01-22 17:00:38.507 [main] cache - Couldn't find template in cache for "index.ftl"("en", UTF-8, parsed); will try to load it.
2021-01-22 17:00:38.508 [main] cache - TemplateLoader.findTemplateSource("index_en.ftl"): Not found
2021-01-22 17:00:38.509 [main] cache - TemplateLoader.findTemplateSource("index.ftl"): Found
2021-01-22 17:00:38.510 [main] cache - Loading template for "index.ftl"("en", UTF-8, parsed) from "jar:file:/C:/Users/pallavi.tr/.m2/repository/com/aventstack/extentreports/3.1.5/extentreports-3.1.5.jar!/com/aventstack/extentreports/view/html-report/index.ftl"
2021-01-22 17:00:38.666 [main] cache - Couldn't find template in cache for "head.ftl"("en", UTF-8, parsed); will try to load it.
2021-01-22 17:00:38.666 [main] cache - TemplateLoader.findTemplateSource("head_en.ftl"): Not found
2021-01-22 17:00:38.667 [main] cache - TemplateLoader.findTemplateSource("head.ftl"): Found
2021-01-22 17:00:38.667 [main] cache - Loading template for "head.ftl"("en", UTF-8, parsed) from "jar:file:/C:/Users/pallavi.tr/.m2/repository/com/aventstack/extentreports/3.1.5/extentreports-3.1.5.jar!/com/aventstack/extentreports/view/html-report/head.ftl"
2021-01-22 17:00:38.669 [main] cache - Couldn't find template in cache for "nav.ftl"("en", UTF-8, parsed); will try to load it.
2021-01-22 17:00:38.669 [main] cache - TemplateLoader.findTemplateSource("nav_en.ftl"): Not found
2021-01-22 17:00:38.670 [main] cache - TemplateLoader.findTemplateSource("nav.ftl"): Found
2021-01-22 17:00:38.670 [main] cache - Loading template for "nav.ftl"("en", UTF-8, parsed) from "jar:file:/C:/Users/pallavi.tr/.m2/repository/com/aventstack/extentreports/3.1.5/extentreports-3.1.5.jar!/com/aventstack/extentreports/view/html-report/nav.ftl"
2021-01-22 17:00:38.683 [main] cache - Couldn't find template in cache for "test-view/test-view.ftl"("en", UTF-8, parsed); will try to load it.
2021-01-22 17:00:38.683 [main] cache - TemplateLoader.findTemplateSource("test-view/test-view_en.ftl"): Not found
2021-01-22 17:00:38.684 [main] cache - TemplateLoader.findTemplateSource("test-view/test-view.ftl"): Found
2021-01-22 17:00:38.684 [main] cache - Loading template for "test-view/test-view.ftl"("en", UTF-8, parsed) from "jar:file:/C:/Users/pallavi.tr/.m2/repository/com/aventstack/extentreports/3.1.5/extentreports-3.1.5.jar!/com/aventstack/extentreports/view/html-report/test-view/test-view.ftl"
2021-01-22 17:00:38.696 [main] cache - Couldn't find template in cache for "test-view/standard.ftl"("en", UTF-8, parsed); will try to load it.
2021-01-22 17:00:38.697 [main] cache - TemplateLoader.findTemplateSource("test-view/standard_en.ftl"): Not found
2021-01-22 17:00:38.697 [main] cache - TemplateLoader.findTemplateSource("test-view/standard.ftl"): Found
2021-01-22 17:00:38.697 [main] cache - Loading template for "test-view/standard.ftl"("en", UTF-8, parsed) from "jar:file:/C:/Users/pallavi.tr/.m2/repository/com/aventstack/extentreports/3.1.5/extentreports-3.1.5.jar!/com/aventstack/extentreports/view/html-report/test-view/standard.ftl"
2021-01-22 17:00:38.709 [main] cache - "test-view/standard.ftl"("en", UTF-8, parsed) cached copy not yet stale; using cached.
2021-01-22 17:00:38.710 [main] cache - "test-view/standard.ftl"("en", UTF-8, parsed) cached copy not yet stale; using cached.
2021-01-22 17:00:38.711 [main] cache - "test-view/standard.ftl"("en", UTF-8, parsed) cached copy not yet stale; using cached.
2021-01-22 17:00:38.712 [main] cache - Couldn't find template in cache for "test-view/test-view-charts.ftl"("en", UTF-8, parsed); will try to load it.
2021-01-22 17:00:38.713 [main] cache - TemplateLoader.findTemplateSource("test-view/test-view-charts_en.ftl"): Not found
2021-01-22 17:00:38.713 [main] cache - TemplateLoader.findTemplateSource("test-view/test-view-charts.ftl"): Found
2021-01-22 17:00:38.713 [main] cache - Loading template for "test-view/test-view-charts.ftl"("en", UTF-8, parsed) from "jar:file:/C:/Users/pallavi.tr/.m2/repository/com/aventstack/extentreports/3.1.5/extentreports-3.1.5.jar!/com/aventstack/extentreports/view/html-report/test-view/test-view-charts.ftl"
2021-01-22 17:00:38.719 [main] cache - Couldn't find template in cache for "category-view/category-view.ftl"("en", UTF-8, parsed); will try to load it.
2021-01-22 17:00:38.719 [main] cache - TemplateLoader.findTemplateSource("category-view/category-view_en.ftl"): Not found
2021-01-22 17:00:38.720 [main] cache - TemplateLoader.findTemplateSource("category-view/category-view.ftl"): Found
2021-01-22 17:00:38.720 [main] cache - Loading template for "category-view/category-view.ftl"("en", UTF-8, parsed) from "jar:file:/C:/Users/pallavi.tr/.m2/repository/com/aventstack/extentreports/3.1.5/extentreports-3.1.5.jar!/com/aventstack/extentreports/view/html-report/category-view/category-view.ftl"
2021-01-22 17:00:38.723 [main] cache - Couldn't find template in cache for "author-view/author-view.ftl"("en", UTF-8, parsed); will try to load it.
2021-01-22 17:00:38.723 [main] cache - TemplateLoader.findTemplateSource("author-view/author-view_en.ftl"): Not found
2021-01-22 17:00:38.724 [main] cache - TemplateLoader.findTemplateSource("author-view/author-view.ftl"): Found
2021-01-22 17:00:38.724 [main] cache - Loading template for "author-view/author-view.ftl"("en", UTF-8, parsed) from "jar:file:/C:/Users/pallavi.tr/.m2/repository/com/aventstack/extentreports/3.1.5/extentreports-3.1.5.jar!/com/aventstack/extentreports/view/html-report/author-view/author-view.ftl"
2021-01-22 17:00:38.727 [main] cache - Couldn't find template in cache for "exception-view/exception-view.ftl"("en", UTF-8, parsed); will try to load it.
2021-01-22 17:00:38.727 [main] cache - TemplateLoader.findTemplateSource("exception-view/exception-view_en.ftl"): Not found
2021-01-22 17:00:38.728 [main] cache - TemplateLoader.findTemplateSource("exception-view/exception-view.ftl"): Found
2021-01-22 17:00:38.728 [main] cache - Loading template for "exception-view/exception-view.ftl"("en", UTF-8, parsed) from "jar:file:/C:/Users/pallavi.tr/.m2/repository/com/aventstack/extentreports/3.1.5/extentreports-3.1.5.jar!/com/aventstack/extentreports/view/html-report/exception-view/exception-view.ftl"
2021-01-22 17:00:38.734 [main] cache - Couldn't find template in cache for "dashboard-view/dashboard-view.ftl"("en", UTF-8, parsed); will try to load it.
2021-01-22 17:00:38.734 [main] cache - TemplateLoader.findTemplateSource("dashboard-view/dashboard-view_en.ftl"): Not found
2021-01-22 17:00:38.736 [main] cache - TemplateLoader.findTemplateSource("dashboard-view/dashboard-view.ftl"): Found
2021-01-22 17:00:38.737 [main] cache - Loading template for "dashboard-view/dashboard-view.ftl"("en", UTF-8, parsed) from "jar:file:/C:/Users/pallavi.tr/.m2/repository/com/aventstack/extentreports/3.1.5/extentreports-3.1.5.jar!/com/aventstack/extentreports/view/html-report/dashboard-view/dashboard-view.ftl"
2021-01-22 17:00:38.746 [main] cache - Couldn't find template in cache for "logs-view/testrunner-logs-view.ftl"("en", UTF-8, parsed); will try to load it.
2021-01-22 17:00:38.747 [main] cache - TemplateLoader.findTemplateSource("logs-view/testrunner-logs-view_en.ftl"): Not found
2021-01-22 17:00:38.747 [main] cache - TemplateLoader.findTemplateSource("logs-view/testrunner-logs-view.ftl"): Found
2021-01-22 17:00:38.747 [main] cache - Loading template for "logs-view/testrunner-logs-view.ftl"("en", UTF-8, parsed) from "jar:file:/C:/Users/pallavi.tr/.m2/repository/com/aventstack/extentreports/3.1.5/extentreports-3.1.5.jar!/com/aventstack/extentreports/view/html-report/logs-view/testrunner-logs-view.ftl"
2021-01-22 17:00:38.753 [main] cache - Couldn't find template in cache for "index.ftl"("en", UTF-8, parsed); will try to load it.
2021-01-22 17:00:38.753 [main] cache - TemplateLoader.findTemplateSource("index_en.ftl"): Not found
2021-01-22 17:00:38.754 [main] cache - TemplateLoader.findTemplateSource("index.ftl"): Found
2021-01-22 17:00:38.754 [main] cache - Loading template for "index.ftl"("en", UTF-8, parsed) from "jar:file:/C:/Users/pallavi.tr/.m2/repository/com/aventstack/extentreports/3.1.5/extentreports-3.1.5.jar!/com/aventstack/extentreports/view/html-report/index.ftl"
2021-01-22 17:00:38.760 [main] cache - Couldn't find template in cache for "head.ftl"("en", UTF-8, parsed); will try to load it.
2021-01-22 17:00:38.761 [main] cache - TemplateLoader.findTemplateSource("head_en.ftl"): Not found
2021-01-22 17:00:38.762 [main] cache - TemplateLoader.findTemplateSource("head.ftl"): Found
2021-01-22 17:00:38.762 [main] cache - Loading template for "head.ftl"("en", UTF-8, parsed) from "jar:file:/C:/Users/pallavi.tr/.m2/repository/com/aventstack/extentreports/3.1.5/extentreports-3.1.5.jar!/com/aventstack/extentreports/view/html-report/head.ftl"
2021-01-22 17:00:38.764 [main] cache - Couldn't find template in cache for "nav.ftl"("en", UTF-8, parsed); will try to load it.
2021-01-22 17:00:38.765 [main] cache - TemplateLoader.findTemplateSource("nav_en.ftl"): Not found
2021-01-22 17:00:38.765 [main] cache - TemplateLoader.findTemplateSource("nav.ftl"): Found
2021-01-22 17:00:38.766 [main] cache - Loading template for "nav.ftl"("en", UTF-8, parsed) from "jar:file:/C:/Users/pallavi.tr/.m2/repository/com/aventstack/extentreports/3.1.5/extentreports-3.1.5.jar!/com/aventstack/extentreports/view/html-report/nav.ftl"
2021-01-22 17:00:38.770 [main] cache - Couldn't find template in cache for "test-view/test-view.ftl"("en", UTF-8, parsed); will try to load it.
2021-01-22 17:00:38.771 [main] cache - TemplateLoader.findTemplateSource("test-view/test-view_en.ftl"): Not found
2021-01-22 17:00:38.771 [main] cache - TemplateLoader.findTemplateSource("test-view/test-view.ftl"): Found
2021-01-22 17:00:38.772 [main] cache - Loading template for "test-view/test-view.ftl"("en", UTF-8, parsed) from "jar:file:/C:/Users/pallavi.tr/.m2/repository/com/aventstack/extentreports/3.1.5/extentreports-3.1.5.jar!/com/aventstack/extentreports/view/html-report/test-view/test-view.ftl"
2021-01-22 17:00:38.783 [main] cache - Couldn't find template in cache for "test-view/standard.ftl"("en", UTF-8, parsed); will try to load it.
2021-01-22 17:00:38.784 [main] cache - TemplateLoader.findTemplateSource("test-view/standard_en.ftl"): Not found
2021-01-22 17:00:38.784 [main] cache - TemplateLoader.findTemplateSource("test-view/standard.ftl"): Found
2021-01-22 17:00:38.784 [main] cache - Loading template for "test-view/standard.ftl"("en", UTF-8, parsed) from "jar:file:/C:/Users/pallavi.tr/.m2/repository/com/aventstack/extentreports/3.1.5/extentreports-3.1.5.jar!/com/aventstack/extentreports/view/html-report/test-view/standard.ftl"
2021-01-22 17:00:38.790 [main] cache - "test-view/standard.ftl"("en", UTF-8, parsed) cached copy not yet stale; using cached.
2021-01-22 17:00:38.790 [main] cache - "test-view/standard.ftl"("en", UTF-8, parsed) cached copy not yet stale; using cached.
2021-01-22 17:00:38.792 [main] cache - "test-view/standard.ftl"("en", UTF-8, parsed) cached copy not yet stale; using cached.
2021-01-22 17:00:38.793 [main] cache - Couldn't find template in cache for "test-view/test-view-charts.ftl"("en", UTF-8, parsed); will try to load it.
2021-01-22 17:00:38.793 [main] cache - TemplateLoader.findTemplateSource("test-view/test-view-charts_en.ftl"): Not found
2021-01-22 17:00:38.794 [main] cache - TemplateLoader.findTemplateSource("test-view/test-view-charts.ftl"): Found
2021-01-22 17:00:38.794 [main] cache - Loading template for "test-view/test-view-charts.ftl"("en", UTF-8, parsed) from "jar:file:/C:/Users/pallavi.tr/.m2/repository/com/aventstack/extentreports/3.1.5/extentreports-3.1.5.jar!/com/aventstack/extentreports/view/html-report/test-view/test-view-charts.ftl"
2021-01-22 17:00:38.797 [main] cache - Couldn't find template in cache for "category-view/category-view.ftl"("en", UTF-8, parsed); will try to load it.
2021-01-22 17:00:38.798 [main] cache - TemplateLoader.findTemplateSource("category-view/category-view_en.ftl"): Not found
2021-01-22 17:00:38.799 [main] cache - TemplateLoader.findTemplateSource("category-view/category-view.ftl"): Found
2021-01-22 17:00:38.800 [main] cache - Loading template for "category-view/category-view.ftl"("en", UTF-8, parsed) from "jar:file:/C:/Users/pallavi.tr/.m2/repository/com/aventstack/extentreports/3.1.5/extentreports-3.1.5.jar!/com/aventstack/extentreports/view/html-report/category-view/category-view.ftl"
2021-01-22 17:00:38.802 [main] cache - Couldn't find template in cache for "author-view/author-view.ftl"("en", UTF-8, parsed); will try to load it.
2021-01-22 17:00:38.802 [main] cache - TemplateLoader.findTemplateSource("author-view/author-view_en.ftl"): Not found
2021-01-22 17:00:38.803 [main] cache - TemplateLoader.findTemplateSource("author-view/author-view.ftl"): Found
2021-01-22 17:00:38.803 [main] cache - Loading template for "author-view/author-view.ftl"("en", UTF-8, parsed) from "jar:file:/C:/Users/pallavi.tr/.m2/repository/com/aventstack/extentreports/3.1.5/extentreports-3.1.5.jar!/com/aventstack/extentreports/view/html-report/author-view/author-view.ftl"
2021-01-22 17:00:38.805 [main] cache - Couldn't find template in cache for "exception-view/exception-view.ftl"("en", UTF-8, parsed); will try to load it.
2021-01-22 17:00:38.806 [main] cache - TemplateLoader.findTemplateSource("exception-view/exception-view_en.ftl"): Not found
2021-01-22 17:00:38.807 [main] cache - TemplateLoader.findTemplateSource("exception-view/exception-view.ftl"): Found
2021-01-22 17:00:38.807 [main] cache - Loading template for "exception-view/exception-view.ftl"("en", UTF-8, parsed) from "jar:file:/C:/Users/pallavi.tr/.m2/repository/com/aventstack/extentreports/3.1.5/extentreports-3.1.5.jar!/com/aventstack/extentreports/view/html-report/exception-view/exception-view.ftl"
2021-01-22 17:00:38.809 [main] cache - Couldn't find template in cache for "dashboard-view/dashboard-view.ftl"("en", UTF-8, parsed); will try to load it.
2021-01-22 17:00:38.810 [main] cache - TemplateLoader.findTemplateSource("dashboard-view/dashboard-view_en.ftl"): Not found
2021-01-22 17:00:38.810 [main] cache - TemplateLoader.findTemplateSource("dashboard-view/dashboard-view.ftl"): Found
2021-01-22 17:00:38.810 [main] cache - Loading template for "dashboard-view/dashboard-view.ftl"("en", UTF-8, parsed) from "jar:file:/C:/Users/pallavi.tr/.m2/repository/com/aventstack/extentreports/3.1.5/extentreports-3.1.5.jar!/com/aventstack/extentreports/view/html-report/dashboard-view/dashboard-view.ftl"
2021-01-22 17:00:38.812 [main] cache - Couldn't find template in cache for "logs-view/testrunner-logs-view.ftl"("en", UTF-8, parsed); will try to load it.
2021-01-22 17:00:38.813 [main] cache - TemplateLoader.findTemplateSource("logs-view/testrunner-logs-view_en.ftl"): Not found
2021-01-22 17:00:38.813 [main] cache - TemplateLoader.findTemplateSource("logs-view/testrunner-logs-view.ftl"): Found
2021-01-22 17:00:38.813 [main] cache - Loading template for "logs-view/testrunner-logs-view.ftl"("en", UTF-8, parsed) from "jar:file:/C:/Users/pallavi.tr/.m2/repository/com/aventstack/extentreports/3.1.5/extentreports-3.1.5.jar!/com/aventstack/extentreports/view/html-report/logs-view/testrunner-logs-view.ftl"
2021-01-22 17:02:36.133 [main] Connection$Base - Automation Testing Start Running !!!
2021-01-22 17:02:39.382 [main] Connection$Base - Browser has been launched
2021-01-22 17:02:51.316 [main] Connection$Base - Clicked on the Library Panel
2021-01-22 17:02:59.492 [main] Connection$Base - Clicked on StoryTeller Icon 
2021-01-22 17:03:50.158 [main] cache - Couldn't find template in cache for "index.ftl"("en", UTF-8, parsed); will try to load it.
2021-01-22 17:03:50.160 [main] cache - TemplateLoader.findTemplateSource("index_en.ftl"): Not found
2021-01-22 17:03:50.162 [main] cache - TemplateLoader.findTemplateSource("index.ftl"): Found
2021-01-22 17:03:50.163 [main] cache - Loading template for "index.ftl"("en", UTF-8, parsed) from "jar:file:/C:/Users/pallavi.tr/.m2/repository/com/aventstack/extentreports/3.1.5/extentreports-3.1.5.jar!/com/aventstack/extentreports/view/html-report/index.ftl"
2021-01-22 17:03:50.335 [main] cache - Couldn't find template in cache for "head.ftl"("en", UTF-8, parsed); will try to load it.
2021-01-22 17:03:50.335 [main] cache - TemplateLoader.findTemplateSource("head_en.ftl"): Not found
2021-01-22 17:03:50.335 [main] cache - TemplateLoader.findTemplateSource("head.ftl"): Found
2021-01-22 17:03:50.336 [main] cache - Loading template for "head.ftl"("en", UTF-8, parsed) from "jar:file:/C:/Users/pallavi.tr/.m2/repository/com/aventstack/extentreports/3.1.5/extentreports-3.1.5.jar!/com/aventstack/extentreports/view/html-report/head.ftl"
2021-01-22 17:03:50.338 [main] cache - Couldn't find template in cache for "nav.ftl"("en", UTF-8, parsed); will try to load it.
2021-01-22 17:03:50.339 [main] cache - TemplateLoader.findTemplateSource("nav_en.ftl"): Not found
2021-01-22 17:03:50.339 [main] cache - TemplateLoader.findTemplateSource("nav.ftl"): Found
2021-01-22 17:03:50.339 [main] cache - Loading template for "nav.ftl"("en", UTF-8, parsed) from "jar:file:/C:/Users/pallavi.tr/.m2/repository/com/aventstack/extentreports/3.1.5/extentreports-3.1.5.jar!/com/aventstack/extentreports/view/html-report/nav.ftl"
2021-01-22 17:03:50.351 [main] cache - Couldn't find template in cache for "test-view/test-view.ftl"("en", UTF-8, parsed); will try to load it.
2021-01-22 17:03:50.352 [main] cache - TemplateLoader.findTemplateSource("test-view/test-view_en.ftl"): Not found
2021-01-22 17:03:50.352 [main] cache - TemplateLoader.findTemplateSource("test-view/test-view.ftl"): Found
2021-01-22 17:03:50.352 [main] cache - Loading template for "test-view/test-view.ftl"("en", UTF-8, parsed) from "jar:file:/C:/Users/pallavi.tr/.m2/repository/com/aventstack/extentreports/3.1.5/extentreports-3.1.5.jar!/com/aventstack/extentreports/view/html-report/test-view/test-view.ftl"
2021-01-22 17:03:50.368 [main] cache - Couldn't find template in cache for "test-view/standard.ftl"("en", UTF-8, parsed); will try to load it.
2021-01-22 17:03:50.369 [main] cache - TemplateLoader.findTemplateSource("test-view/standard_en.ftl"): Not found
2021-01-22 17:03:50.369 [main] cache - TemplateLoader.findTemplateSource("test-view/standard.ftl"): Found
2021-01-22 17:03:50.369 [main] cache - Loading template for "test-view/standard.ftl"("en", UTF-8, parsed) from "jar:file:/C:/Users/pallavi.tr/.m2/repository/com/aventstack/extentreports/3.1.5/extentreports-3.1.5.jar!/com/aventstack/extentreports/view/html-report/test-view/standard.ftl"
2021-01-22 17:03:50.379 [main] cache - "test-view/standard.ftl"("en", UTF-8, parsed) cached copy not yet stale; using cached.
2021-01-22 17:03:50.380 [main] cache - "test-view/standard.ftl"("en", UTF-8, parsed) cached copy not yet stale; using cached.
2021-01-22 17:03:50.380 [main] cache - "test-view/standard.ftl"("en", UTF-8, parsed) cached copy not yet stale; using cached.
2021-01-22 17:03:50.381 [main] cache - "test-view/standard.ftl"("en", UTF-8, parsed) cached copy not yet stale; using cached.
2021-01-22 17:03:50.382 [main] cache - Couldn't find template in cache for "test-view/test-view-charts.ftl"("en", UTF-8, parsed); will try to load it.
2021-01-22 17:03:50.382 [main] cache - TemplateLoader.findTemplateSource("test-view/test-view-charts_en.ftl"): Not found
2021-01-22 17:03:50.383 [main] cache - TemplateLoader.findTemplateSource("test-view/test-view-charts.ftl"): Found
2021-01-22 17:03:50.383 [main] cache - Loading template for "test-view/test-view-charts.ftl"("en", UTF-8, parsed) from "jar:file:/C:/Users/pallavi.tr/.m2/repository/com/aventstack/extentreports/3.1.5/extentreports-3.1.5.jar!/com/aventstack/extentreports/view/html-report/test-view/test-view-charts.ftl"
2021-01-22 17:03:50.387 [main] cache - Couldn't find template in cache for "category-view/category-view.ftl"("en", UTF-8, parsed); will try to load it.
2021-01-22 17:03:50.387 [main] cache - TemplateLoader.findTemplateSource("category-view/category-view_en.ftl"): Not found
2021-01-22 17:03:50.388 [main] cache - TemplateLoader.findTemplateSource("category-view/category-view.ftl"): Found
2021-01-22 17:03:50.388 [main] cache - Loading template for "category-view/category-view.ftl"("en", UTF-8, parsed) from "jar:file:/C:/Users/pallavi.tr/.m2/repository/com/aventstack/extentreports/3.1.5/extentreports-3.1.5.jar!/com/aventstack/extentreports/view/html-report/category-view/category-view.ftl"
2021-01-22 17:03:50.390 [main] cache - Couldn't find template in cache for "author-view/author-view.ftl"("en", UTF-8, parsed); will try to load it.
2021-01-22 17:03:50.391 [main] cache - TemplateLoader.findTemplateSource("author-view/author-view_en.ftl"): Not found
2021-01-22 17:03:50.391 [main] cache - TemplateLoader.findTemplateSource("author-view/author-view.ftl"): Found
2021-01-22 17:03:50.391 [main] cache - Loading template for "author-view/author-view.ftl"("en", UTF-8, parsed) from "jar:file:/C:/Users/pallavi.tr/.m2/repository/com/aventstack/extentreports/3.1.5/extentreports-3.1.5.jar!/com/aventstack/extentreports/view/html-report/author-view/author-view.ftl"
2021-01-22 17:03:50.394 [main] cache - Couldn't find template in cache for "exception-view/exception-view.ftl"("en", UTF-8, parsed); will try to load it.
2021-01-22 17:03:50.394 [main] cache - TemplateLoader.findTemplateSource("exception-view/exception-view_en.ftl"): Not found
2021-01-22 17:03:50.394 [main] cache - TemplateLoader.findTemplateSource("exception-view/exception-view.ftl"): Found
2021-01-22 17:03:50.395 [main] cache - Loading template for "exception-view/exception-view.ftl"("en", UTF-8, parsed) from "jar:file:/C:/Users/pallavi.tr/.m2/repository/com/aventstack/extentreports/3.1.5/extentreports-3.1.5.jar!/com/aventstack/extentreports/view/html-report/exception-view/exception-view.ftl"
2021-01-22 17:03:50.406 [main] cache - Couldn't find template in cache for "dashboard-view/dashboard-view.ftl"("en", UTF-8, parsed); will try to load it.
2021-01-22 17:03:50.408 [main] cache - TemplateLoader.findTemplateSource("dashboard-view/dashboard-view_en.ftl"): Not found
2021-01-22 17:03:50.408 [main] cache - TemplateLoader.findTemplateSource("dashboard-view/dashboard-view.ftl"): Found
2021-01-22 17:03:50.408 [main] cache - Loading template for "dashboard-view/dashboard-view.ftl"("en", UTF-8, parsed) from "jar:file:/C:/Users/pallavi.tr/.m2/repository/com/aventstack/extentreports/3.1.5/extentreports-3.1.5.jar!/com/aventstack/extentreports/view/html-report/dashboard-view/dashboard-view.ftl"
2021-01-22 17:03:50.416 [main] cache - Couldn't find template in cache for "logs-view/testrunner-logs-view.ftl"("en", UTF-8, parsed); will try to load it.
2021-01-22 17:03:50.417 [main] cache - TemplateLoader.findTemplateSource("logs-view/testrunner-logs-view_en.ftl"): Not found
2021-01-22 17:03:50.418 [main] cache - TemplateLoader.findTemplateSource("logs-view/testrunner-logs-view.ftl"): Found
2021-01-22 17:03:50.418 [main] cache - Loading template for "logs-view/testrunner-logs-view.ftl"("en", UTF-8, parsed) from "jar:file:/C:/Users/pallavi.tr/.m2/repository/com/aventstack/extentreports/3.1.5/extentreports-3.1.5.jar!/com/aventstack/extentreports/view/html-report/logs-view/testrunner-logs-view.ftl"
2021-01-22 17:03:50.422 [main] cache - Couldn't find template in cache for "index.ftl"("en", UTF-8, parsed); will try to load it.
2021-01-22 17:03:50.423 [main] cache - TemplateLoader.findTemplateSource("index_en.ftl"): Not found
2021-01-22 17:03:50.423 [main] cache - TemplateLoader.findTemplateSource("index.ftl"): Found
2021-01-22 17:03:50.423 [main] cache - Loading template for "index.ftl"("en", UTF-8, parsed) from "jar:file:/C:/Users/pallavi.tr/.m2/repository/com/aventstack/extentreports/3.1.5/extentreports-3.1.5.jar!/com/aventstack/extentreports/view/html-report/index.ftl"
2021-01-22 17:03:50.429 [main] cache - Couldn't find template in cache for "head.ftl"("en", UTF-8, parsed); will try to load it.
2021-01-22 17:03:50.430 [main] cache - TemplateLoader.findTemplateSource("head_en.ftl"): Not found
2021-01-22 17:03:50.430 [main] cache - TemplateLoader.findTemplateSource("head.ftl"): Found
2021-01-22 17:03:50.430 [main] cache - Loading template for "head.ftl"("en", UTF-8, parsed) from "jar:file:/C:/Users/pallavi.tr/.m2/repository/com/aventstack/extentreports/3.1.5/extentreports-3.1.5.jar!/com/aventstack/extentreports/view/html-report/head.ftl"
2021-01-22 17:03:50.432 [main] cache - Couldn't find template in cache for "nav.ftl"("en", UTF-8, parsed); will try to load it.
2021-01-22 17:03:50.433 [main] cache - TemplateLoader.findTemplateSource("nav_en.ftl"): Not found
2021-01-22 17:03:50.433 [main] cache - TemplateLoader.findTemplateSource("nav.ftl"): Found
2021-01-22 17:03:50.433 [main] cache - Loading template for "nav.ftl"("en", UTF-8, parsed) from "jar:file:/C:/Users/pallavi.tr/.m2/repository/com/aventstack/extentreports/3.1.5/extentreports-3.1.5.jar!/com/aventstack/extentreports/view/html-report/nav.ftl"
2021-01-22 17:03:50.438 [main] cache - Couldn't find template in cache for "test-view/test-view.ftl"("en", UTF-8, parsed); will try to load it.
2021-01-22 17:03:50.438 [main] cache - TemplateLoader.findTemplateSource("test-view/test-view_en.ftl"): Not found
2021-01-22 17:03:50.439 [main] cache - TemplateLoader.findTemplateSource("test-view/test-view.ftl"): Found
2021-01-22 17:03:50.439 [main] cache - Loading template for "test-view/test-view.ftl"("en", UTF-8, parsed) from "jar:file:/C:/Users/pallavi.tr/.m2/repository/com/aventstack/extentreports/3.1.5/extentreports-3.1.5.jar!/com/aventstack/extentreports/view/html-report/test-view/test-view.ftl"
2021-01-22 17:03:50.444 [main] cache - Couldn't find template in cache for "test-view/standard.ftl"("en", UTF-8, parsed); will try to load it.
2021-01-22 17:03:50.445 [main] cache - TemplateLoader.findTemplateSource("test-view/standard_en.ftl"): Not found
2021-01-22 17:03:50.445 [main] cache - TemplateLoader.findTemplateSource("test-view/standard.ftl"): Found
2021-01-22 17:03:50.446 [main] cache - Loading template for "test-view/standard.ftl"("en", UTF-8, parsed) from "jar:file:/C:/Users/pallavi.tr/.m2/repository/com/aventstack/extentreports/3.1.5/extentreports-3.1.5.jar!/com/aventstack/extentreports/view/html-report/test-view/standard.ftl"
2021-01-22 17:03:50.457 [main] cache - "test-view/standard.ftl"("en", UTF-8, parsed) cached copy not yet stale; using cached.
2021-01-22 17:03:50.458 [main] cache - "test-view/standard.ftl"("en", UTF-8, parsed) cached copy not yet stale; using cached.
2021-01-22 17:03:50.459 [main] cache - "test-view/standard.ftl"("en", UTF-8, parsed) cached copy not yet stale; using cached.
2021-01-22 17:03:50.460 [main] cache - "test-view/standard.ftl"("en", UTF-8, parsed) cached copy not yet stale; using cached.
2021-01-22 17:03:50.461 [main] cache - Couldn't find template in cache for "test-view/test-view-charts.ftl"("en", UTF-8, parsed); will try to load it.
2021-01-22 17:03:50.462 [main] cache - TemplateLoader.findTemplateSource("test-view/test-view-charts_en.ftl"): Not found
2021-01-22 17:03:50.462 [main] cache - TemplateLoader.findTemplateSource("test-view/test-view-charts.ftl"): Found
2021-01-22 17:03:50.462 [main] cache - Loading template for "test-view/test-view-charts.ftl"("en", UTF-8, parsed) from "jar:file:/C:/Users/pallavi.tr/.m2/repository/com/aventstack/extentreports/3.1.5/extentreports-3.1.5.jar!/com/aventstack/extentreports/view/html-report/test-view/test-view-charts.ftl"
2021-01-22 17:03:50.467 [main] cache - Couldn't find template in cache for "category-view/category-view.ftl"("en", UTF-8, parsed); will try to load it.
2021-01-22 17:03:50.468 [main] cache - TemplateLoader.findTemplateSource("category-view/category-view_en.ftl"): Not found
2021-01-22 17:03:50.468 [main] cache - TemplateLoader.findTemplateSource("category-view/category-view.ftl"): Found
2021-01-22 17:03:50.468 [main] cache - Loading template for "category-view/category-view.ftl"("en", UTF-8, parsed) from "jar:file:/C:/Users/pallavi.tr/.m2/repository/com/aventstack/extentreports/3.1.5/extentreports-3.1.5.jar!/com/aventstack/extentreports/view/html-report/category-view/category-view.ftl"
2021-01-22 17:03:50.471 [main] cache - Couldn't find template in cache for "author-view/author-view.ftl"("en", UTF-8, parsed); will try to load it.
2021-01-22 17:03:50.471 [main] cache - TemplateLoader.findTemplateSource("author-view/author-view_en.ftl"): Not found
2021-01-22 17:03:50.471 [main] cache - TemplateLoader.findTemplateSource("author-view/author-view.ftl"): Found
2021-01-22 17:03:50.471 [main] cache - Loading template for "author-view/author-view.ftl"("en", UTF-8, parsed) from "jar:file:/C:/Users/pallavi.tr/.m2/repository/com/aventstack/extentreports/3.1.5/extentreports-3.1.5.jar!/com/aventstack/extentreports/view/html-report/author-view/author-view.ftl"
2021-01-22 17:03:50.474 [main] cache - Couldn't find template in cache for "exception-view/exception-view.ftl"("en", UTF-8, parsed); will try to load it.
2021-01-22 17:03:50.475 [main] cache - TemplateLoader.findTemplateSource("exception-view/exception-view_en.ftl"): Not found
2021-01-22 17:03:50.475 [main] cache - TemplateLoader.findTemplateSource("exception-view/exception-view.ftl"): Found
2021-01-22 17:03:50.475 [main] cache - Loading template for "exception-view/exception-view.ftl"("en", UTF-8, parsed) from "jar:file:/C:/Users/pallavi.tr/.m2/repository/com/aventstack/extentreports/3.1.5/extentreports-3.1.5.jar!/com/aventstack/extentreports/view/html-report/exception-view/exception-view.ftl"
2021-01-22 17:03:50.478 [main] cache - Couldn't find template in cache for "dashboard-view/dashboard-view.ftl"("en", UTF-8, parsed); will try to load it.
2021-01-22 17:03:50.479 [main] cache - TemplateLoader.findTemplateSource("dashboard-view/dashboard-view_en.ftl"): Not found
2021-01-22 17:03:50.479 [main] cache - TemplateLoader.findTemplateSource("dashboard-view/dashboard-view.ftl"): Found
2021-01-22 17:03:50.479 [main] cache - Loading template for "dashboard-view/dashboard-view.ftl"("en", UTF-8, parsed) from "jar:file:/C:/Users/pallavi.tr/.m2/repository/com/aventstack/extentreports/3.1.5/extentreports-3.1.5.jar!/com/aventstack/extentreports/view/html-report/dashboard-view/dashboard-view.ftl"
2021-01-22 17:03:50.482 [main] cache - Couldn't find template in cache for "logs-view/testrunner-logs-view.ftl"("en", UTF-8, parsed); will try to load it.
2021-01-22 17:03:50.482 [main] cache - TemplateLoader.findTemplateSource("logs-view/testrunner-logs-view_en.ftl"): Not found
2021-01-22 17:03:50.483 [main] cache - TemplateLoader.findTemplateSource("logs-view/testrunner-logs-view.ftl"): Found
2021-01-22 17:03:50.483 [main] cache - Loading template for "logs-view/testrunner-logs-view.ftl"("en", UTF-8, parsed) from "jar:file:/C:/Users/pallavi.tr/.m2/repository/com/aventstack/extentreports/3.1.5/extentreports-3.1.5.jar!/com/aventstack/extentreports/view/html-report/logs-view/testrunner-logs-view.ftl"
2021-01-22 17:08:20.586 [main] Connection$Base - Automation Testing Start Running !!!
2021-01-22 17:08:23.462 [main] Connection$Base - Browser has been launched
2021-01-22 17:08:35.303 [main] Connection$Base - Clicked on the Library Panel
2021-01-22 17:08:43.907 [main] Connection$Base - Clicked on StoryTeller Icon 
2021-01-22 17:09:37.937 [main] cache - Couldn't find template in cache for "index.ftl"("en", UTF-8, parsed); will try to load it.
2021-01-22 17:09:37.938 [main] cache - TemplateLoader.findTemplateSource("index_en.ftl"): Not found
2021-01-22 17:09:37.940 [main] cache - TemplateLoader.findTemplateSource("index.ftl"): Found
2021-01-22 17:09:37.940 [main] cache - Loading template for "index.ftl"("en", UTF-8, parsed) from "jar:file:/C:/Users/pallavi.tr/.m2/repository/com/aventstack/extentreports/3.1.5/extentreports-3.1.5.jar!/com/aventstack/extentreports/view/html-report/index.ftl"
2021-01-22 17:09:38.096 [main] cache - Couldn't find template in cache for "head.ftl"("en", UTF-8, parsed); will try to load it.
2021-01-22 17:09:38.097 [main] cache - TemplateLoader.findTemplateSource("head_en.ftl"): Not found
2021-01-22 17:09:38.097 [main] cache - TemplateLoader.findTemplateSource("head.ftl"): Found
2021-01-22 17:09:38.097 [main] cache - Loading template for "head.ftl"("en", UTF-8, parsed) from "jar:file:/C:/Users/pallavi.tr/.m2/repository/com/aventstack/extentreports/3.1.5/extentreports-3.1.5.jar!/com/aventstack/extentreports/view/html-report/head.ftl"
2021-01-22 17:09:38.099 [main] cache - Couldn't find template in cache for "nav.ftl"("en", UTF-8, parsed); will try to load it.
2021-01-22 17:09:38.099 [main] cache - TemplateLoader.findTemplateSource("nav_en.ftl"): Not found
2021-01-22 17:09:38.100 [main] cache - TemplateLoader.findTemplateSource("nav.ftl"): Found
2021-01-22 17:09:38.100 [main] cache - Loading template for "nav.ftl"("en", UTF-8, parsed) from "jar:file:/C:/Users/pallavi.tr/.m2/repository/com/aventstack/extentreports/3.1.5/extentreports-3.1.5.jar!/com/aventstack/extentreports/view/html-report/nav.ftl"
2021-01-22 17:09:38.107 [main] cache - Couldn't find template in cache for "test-view/test-view.ftl"("en", UTF-8, parsed); will try to load it.
2021-01-22 17:09:38.108 [main] cache - TemplateLoader.findTemplateSource("test-view/test-view_en.ftl"): Not found
2021-01-22 17:09:38.108 [main] cache - TemplateLoader.findTemplateSource("test-view/test-view.ftl"): Found
2021-01-22 17:09:38.108 [main] cache - Loading template for "test-view/test-view.ftl"("en", UTF-8, parsed) from "jar:file:/C:/Users/pallavi.tr/.m2/repository/com/aventstack/extentreports/3.1.5/extentreports-3.1.5.jar!/com/aventstack/extentreports/view/html-report/test-view/test-view.ftl"
2021-01-22 17:09:38.119 [main] cache - Couldn't find template in cache for "test-view/standard.ftl"("en", UTF-8, parsed); will try to load it.
2021-01-22 17:09:38.119 [main] cache - TemplateLoader.findTemplateSource("test-view/standard_en.ftl"): Not found
2021-01-22 17:09:38.120 [main] cache - TemplateLoader.findTemplateSource("test-view/standard.ftl"): Found
2021-01-22 17:09:38.120 [main] cache - Loading template for "test-view/standard.ftl"("en", UTF-8, parsed) from "jar:file:/C:/Users/pallavi.tr/.m2/repository/com/aventstack/extentreports/3.1.5/extentreports-3.1.5.jar!/com/aventstack/extentreports/view/html-report/test-view/standard.ftl"
2021-01-22 17:09:38.133 [main] cache - "test-view/standard.ftl"("en", UTF-8, parsed) cached copy not yet stale; using cached.
2021-01-22 17:09:38.134 [main] cache - "test-view/standard.ftl"("en", UTF-8, parsed) cached copy not yet stale; using cached.
2021-01-22 17:09:38.134 [main] cache - "test-view/standard.ftl"("en", UTF-8, parsed) cached copy not yet stale; using cached.
2021-01-22 17:09:38.135 [main] cache - "test-view/standard.ftl"("en", UTF-8, parsed) cached copy not yet stale; using cached.
2021-01-22 17:09:38.136 [main] cache - Couldn't find template in cache for "test-view/test-view-charts.ftl"("en", UTF-8, parsed); will try to load it.
2021-01-22 17:09:38.136 [main] cache - TemplateLoader.findTemplateSource("test-view/test-view-charts_en.ftl"): Not found
2021-01-22 17:09:38.137 [main] cache - TemplateLoader.findTemplateSource("test-view/test-view-charts.ftl"): Found
2021-01-22 17:09:38.137 [main] cache - Loading template for "test-view/test-view-charts.ftl"("en", UTF-8, parsed) from "jar:file:/C:/Users/pallavi.tr/.m2/repository/com/aventstack/extentreports/3.1.5/extentreports-3.1.5.jar!/com/aventstack/extentreports/view/html-report/test-view/test-view-charts.ftl"
2021-01-22 17:09:38.141 [main] cache - Couldn't find template in cache for "category-view/category-view.ftl"("en", UTF-8, parsed); will try to load it.
2021-01-22 17:09:38.141 [main] cache - TemplateLoader.findTemplateSource("category-view/category-view_en.ftl"): Not found
2021-01-22 17:09:38.142 [main] cache - TemplateLoader.findTemplateSource("category-view/category-view.ftl"): Found
2021-01-22 17:09:38.142 [main] cache - Loading template for "category-view/category-view.ftl"("en", UTF-8, parsed) from "jar:file:/C:/Users/pallavi.tr/.m2/repository/com/aventstack/extentreports/3.1.5/extentreports-3.1.5.jar!/com/aventstack/extentreports/view/html-report/category-view/category-view.ftl"
2021-01-22 17:09:38.144 [main] cache - Couldn't find template in cache for "author-view/author-view.ftl"("en", UTF-8, parsed); will try to load it.
2021-01-22 17:09:38.144 [main] cache - TemplateLoader.findTemplateSource("author-view/author-view_en.ftl"): Not found
2021-01-22 17:09:38.145 [main] cache - TemplateLoader.findTemplateSource("author-view/author-view.ftl"): Found
2021-01-22 17:09:38.145 [main] cache - Loading template for "author-view/author-view.ftl"("en", UTF-8, parsed) from "jar:file:/C:/Users/pallavi.tr/.m2/repository/com/aventstack/extentreports/3.1.5/extentreports-3.1.5.jar!/com/aventstack/extentreports/view/html-report/author-view/author-view.ftl"
2021-01-22 17:09:38.149 [main] cache - Couldn't find template in cache for "exception-view/exception-view.ftl"("en", UTF-8, parsed); will try to load it.
2021-01-22 17:09:38.150 [main] cache - TemplateLoader.findTemplateSource("exception-view/exception-view_en.ftl"): Not found
2021-01-22 17:09:38.150 [main] cache - TemplateLoader.findTemplateSource("exception-view/exception-view.ftl"): Found
2021-01-22 17:09:38.151 [main] cache - Loading template for "exception-view/exception-view.ftl"("en", UTF-8, parsed) from "jar:file:/C:/Users/pallavi.tr/.m2/repository/com/aventstack/extentreports/3.1.5/extentreports-3.1.5.jar!/com/aventstack/extentreports/view/html-report/exception-view/exception-view.ftl"
2021-01-22 17:09:38.156 [main] cache - Couldn't find template in cache for "dashboard-view/dashboard-view.ftl"("en", UTF-8, parsed); will try to load it.
2021-01-22 17:09:38.157 [main] cache - TemplateLoader.findTemplateSource("dashboard-view/dashboard-view_en.ftl"): Not found
2021-01-22 17:09:38.157 [main] cache - TemplateLoader.findTemplateSource("dashboard-view/dashboard-view.ftl"): Found
2021-01-22 17:09:38.157 [main] cache - Loading template for "dashboard-view/dashboard-view.ftl"("en", UTF-8, parsed) from "jar:file:/C:/Users/pallavi.tr/.m2/repository/com/aventstack/extentreports/3.1.5/extentreports-3.1.5.jar!/com/aventstack/extentreports/view/html-report/dashboard-view/dashboard-view.ftl"
2021-01-22 17:09:38.164 [main] cache - Couldn't find template in cache for "logs-view/testrunner-logs-view.ftl"("en", UTF-8, parsed); will try to load it.
2021-01-22 17:09:38.164 [main] cache - TemplateLoader.findTemplateSource("logs-view/testrunner-logs-view_en.ftl"): Not found
2021-01-22 17:09:38.164 [main] cache - TemplateLoader.findTemplateSource("logs-view/testrunner-logs-view.ftl"): Found
2021-01-22 17:09:38.165 [main] cache - Loading template for "logs-view/testrunner-logs-view.ftl"("en", UTF-8, parsed) from "jar:file:/C:/Users/pallavi.tr/.m2/repository/com/aventstack/extentreports/3.1.5/extentreports-3.1.5.jar!/com/aventstack/extentreports/view/html-report/logs-view/testrunner-logs-view.ftl"
2021-01-22 17:09:38.169 [main] cache - Couldn't find template in cache for "index.ftl"("en", UTF-8, parsed); will try to load it.
2021-01-22 17:09:38.170 [main] cache - TemplateLoader.findTemplateSource("index_en.ftl"): Not found
2021-01-22 17:09:38.170 [main] cache - TemplateLoader.findTemplateSource("index.ftl"): Found
2021-01-22 17:09:38.170 [main] cache - Loading template for "index.ftl"("en", UTF-8, parsed) from "jar:file:/C:/Users/pallavi.tr/.m2/repository/com/aventstack/extentreports/3.1.5/extentreports-3.1.5.jar!/com/aventstack/extentreports/view/html-report/index.ftl"
2021-01-22 17:09:38.175 [main] cache - Couldn't find template in cache for "head.ftl"("en", UTF-8, parsed); will try to load it.
2021-01-22 17:09:38.176 [main] cache - TemplateLoader.findTemplateSource("head_en.ftl"): Not found
2021-01-22 17:09:38.176 [main] cache - TemplateLoader.findTemplateSource("head.ftl"): Found
2021-01-22 17:09:38.176 [main] cache - Loading template for "head.ftl"("en", UTF-8, parsed) from "jar:file:/C:/Users/pallavi.tr/.m2/repository/com/aventstack/extentreports/3.1.5/extentreports-3.1.5.jar!/com/aventstack/extentreports/view/html-report/head.ftl"
2021-01-22 17:09:38.178 [main] cache - Couldn't find template in cache for "nav.ftl"("en", UTF-8, parsed); will try to load it.
2021-01-22 17:09:38.178 [main] cache - TemplateLoader.findTemplateSource("nav_en.ftl"): Not found
2021-01-22 17:09:38.178 [main] cache - TemplateLoader.findTemplateSource("nav.ftl"): Found
2021-01-22 17:09:38.178 [main] cache - Loading template for "nav.ftl"("en", UTF-8, parsed) from "jar:file:/C:/Users/pallavi.tr/.m2/repository/com/aventstack/extentreports/3.1.5/extentreports-3.1.5.jar!/com/aventstack/extentreports/view/html-report/nav.ftl"
2021-01-22 17:09:38.181 [main] cache - Couldn't find template in cache for "test-view/test-view.ftl"("en", UTF-8, parsed); will try to load it.
2021-01-22 17:09:38.182 [main] cache - TemplateLoader.findTemplateSource("test-view/test-view_en.ftl"): Not found
2021-01-22 17:09:38.182 [main] cache - TemplateLoader.findTemplateSource("test-view/test-view.ftl"): Found
2021-01-22 17:09:38.182 [main] cache - Loading template for "test-view/test-view.ftl"("en", UTF-8, parsed) from "jar:file:/C:/Users/pallavi.tr/.m2/repository/com/aventstack/extentreports/3.1.5/extentreports-3.1.5.jar!/com/aventstack/extentreports/view/html-report/test-view/test-view.ftl"
2021-01-22 17:09:38.187 [main] cache - Couldn't find template in cache for "test-view/standard.ftl"("en", UTF-8, parsed); will try to load it.
2021-01-22 17:09:38.188 [main] cache - TemplateLoader.findTemplateSource("test-view/standard_en.ftl"): Not found
2021-01-22 17:09:38.189 [main] cache - TemplateLoader.findTemplateSource("test-view/standard.ftl"): Found
2021-01-22 17:09:38.189 [main] cache - Loading template for "test-view/standard.ftl"("en", UTF-8, parsed) from "jar:file:/C:/Users/pallavi.tr/.m2/repository/com/aventstack/extentreports/3.1.5/extentreports-3.1.5.jar!/com/aventstack/extentreports/view/html-report/test-view/standard.ftl"
2021-01-22 17:09:38.193 [main] cache - "test-view/standard.ftl"("en", UTF-8, parsed) cached copy not yet stale; using cached.
2021-01-22 17:09:38.194 [main] cache - "test-view/standard.ftl"("en", UTF-8, parsed) cached copy not yet stale; using cached.
2021-01-22 17:09:38.195 [main] cache - "test-view/standard.ftl"("en", UTF-8, parsed) cached copy not yet stale; using cached.
2021-01-22 17:09:38.196 [main] cache - "test-view/standard.ftl"("en", UTF-8, parsed) cached copy not yet stale; using cached.
2021-01-22 17:09:38.197 [main] cache - Couldn't find template in cache for "test-view/test-view-charts.ftl"("en", UTF-8, parsed); will try to load it.
2021-01-22 17:09:38.198 [main] cache - TemplateLoader.findTemplateSource("test-view/test-view-charts_en.ftl"): Not found
2021-01-22 17:09:38.198 [main] cache - TemplateLoader.findTemplateSource("test-view/test-view-charts.ftl"): Found
2021-01-22 17:09:38.198 [main] cache - Loading template for "test-view/test-view-charts.ftl"("en", UTF-8, parsed) from "jar:file:/C:/Users/pallavi.tr/.m2/repository/com/aventstack/extentreports/3.1.5/extentreports-3.1.5.jar!/com/aventstack/extentreports/view/html-report/test-view/test-view-charts.ftl"
2021-01-22 17:09:38.201 [main] cache - Couldn't find template in cache for "category-view/category-view.ftl"("en", UTF-8, parsed); will try to load it.
2021-01-22 17:09:38.201 [main] cache - TemplateLoader.findTemplateSource("category-view/category-view_en.ftl"): Not found
2021-01-22 17:09:38.202 [main] cache - TemplateLoader.findTemplateSource("category-view/category-view.ftl"): Found
2021-01-22 17:09:38.202 [main] cache - Loading template for "category-view/category-view.ftl"("en", UTF-8, parsed) from "jar:file:/C:/Users/pallavi.tr/.m2/repository/com/aventstack/extentreports/3.1.5/extentreports-3.1.5.jar!/com/aventstack/extentreports/view/html-report/category-view/category-view.ftl"
2021-01-22 17:09:38.204 [main] cache - Couldn't find template in cache for "author-view/author-view.ftl"("en", UTF-8, parsed); will try to load it.
2021-01-22 17:09:38.204 [main] cache - TemplateLoader.findTemplateSource("author-view/author-view_en.ftl"): Not found
2021-01-22 17:09:38.205 [main] cache - TemplateLoader.findTemplateSource("author-view/author-view.ftl"): Found
2021-01-22 17:09:38.205 [main] cache - Loading template for "author-view/author-view.ftl"("en", UTF-8, parsed) from "jar:file:/C:/Users/pallavi.tr/.m2/repository/com/aventstack/extentreports/3.1.5/extentreports-3.1.5.jar!/com/aventstack/extentreports/view/html-report/author-view/author-view.ftl"
2021-01-22 17:09:38.209 [main] cache - Couldn't find template in cache for "exception-view/exception-view.ftl"("en", UTF-8, parsed); will try to load it.
2021-01-22 17:09:38.210 [main] cache - TemplateLoader.findTemplateSource("exception-view/exception-view_en.ftl"): Not found
2021-01-22 17:09:38.211 [main] cache - TemplateLoader.findTemplateSource("exception-view/exception-view.ftl"): Found
2021-01-22 17:09:38.212 [main] cache - Loading template for "exception-view/exception-view.ftl"("en", UTF-8, parsed) from "jar:file:/C:/Users/pallavi.tr/.m2/repository/com/aventstack/extentreports/3.1.5/extentreports-3.1.5.jar!/com/aventstack/extentreports/view/html-report/exception-view/exception-view.ftl"
2021-01-22 17:09:38.214 [main] cache - Couldn't find template in cache for "dashboard-view/dashboard-view.ftl"("en", UTF-8, parsed); will try to load it.
2021-01-22 17:09:38.214 [main] cache - TemplateLoader.findTemplateSource("dashboard-view/dashboard-view_en.ftl"): Not found
2021-01-22 17:09:38.215 [main] cache - TemplateLoader.findTemplateSource("dashboard-view/dashboard-view.ftl"): Found
2021-01-22 17:09:38.215 [main] cache - Loading template for "dashboard-view/dashboard-view.ftl"("en", UTF-8, parsed) from "jar:file:/C:/Users/pallavi.tr/.m2/repository/com/aventstack/extentreports/3.1.5/extentreports-3.1.5.jar!/com/aventstack/extentreports/view/html-report/dashboard-view/dashboard-view.ftl"
2021-01-22 17:09:38.217 [main] cache - Couldn't find template in cache for "logs-view/testrunner-logs-view.ftl"("en", UTF-8, parsed); will try to load it.
2021-01-22 17:09:38.217 [main] cache - TemplateLoader.findTemplateSource("logs-view/testrunner-logs-view_en.ftl"): Not found
2021-01-22 17:09:38.218 [main] cache - TemplateLoader.findTemplateSource("logs-view/testrunner-logs-view.ftl"): Found
2021-01-22 17:09:38.218 [main] cache - Loading template for "logs-view/testrunner-logs-view.ftl"("en", UTF-8, parsed) from "jar:file:/C:/Users/pallavi.tr/.m2/repository/com/aventstack/extentreports/3.1.5/extentreports-3.1.5.jar!/com/aventstack/extentreports/view/html-report/logs-view/testrunner-logs-view.ftl"
2021-02-01 14:00:48.262 [main] Connection$Base - Automation Testing Start Running !!!
2021-02-01 14:00:50.749 [main] RequestAddCookies - CookieSpec selected: standard
2021-02-01 14:00:50.755 [main] RequestAuthCache - Auth cache not set in the context
2021-02-01 14:00:50.756 [main] PoolingHttpClientConnectionManager - Connection request: [route: {s}->https://raw.githubusercontent.com:443][total kept alive: 0; route allocated: 0 of 2; total allocated: 0 of 20]
2021-02-01 14:00:50.772 [main] PoolingHttpClientConnectionManager - Connection leased: [id: 0][route: {s}->https://raw.githubusercontent.com:443][total kept alive: 0; route allocated: 1 of 2; total allocated: 1 of 20]
2021-02-01 14:00:50.774 [main] MainClientExec - Opening connection {s}->https://raw.githubusercontent.com:443
2021-02-01 14:00:50.797 [main] DefaultHttpClientConnectionOperator - Connecting to raw.githubusercontent.com/199.232.56.133:443
2021-02-01 14:00:50.797 [main] SSLConnectionSocketFactory - Connecting socket to raw.githubusercontent.com/199.232.56.133:443 with timeout 0
2021-02-01 14:00:51.108 [main] SSLConnectionSocketFactory - Enabled protocols: [TLSv1, TLSv1.1, TLSv1.2]
2021-02-01 14:00:51.109 [main] SSLConnectionSocketFactory - Enabled cipher suites:[TLS_ECDHE_ECDSA_WITH_AES_256_CBC_SHA384, TLS_ECDHE_RSA_WITH_AES_256_CBC_SHA384, TLS_RSA_WITH_AES_256_CBC_SHA256, TLS_ECDH_ECDSA_WITH_AES_256_CBC_SHA384, TLS_ECDH_RSA_WITH_AES_256_CBC_SHA384, TLS_DHE_RSA_WITH_AES_256_CBC_SHA256, TLS_DHE_DSS_WITH_AES_256_CBC_SHA256, TLS_ECDHE_ECDSA_WITH_AES_256_CBC_SHA, TLS_ECDHE_RSA_WITH_AES_256_CBC_SHA, TLS_RSA_WITH_AES_256_CBC_SHA, TLS_ECDH_ECDSA_WITH_AES_256_CBC_SHA, TLS_ECDH_RSA_WITH_AES_256_CBC_SHA, TLS_DHE_RSA_WITH_AES_256_CBC_SHA, TLS_DHE_DSS_WITH_AES_256_CBC_SHA, TLS_ECDHE_ECDSA_WITH_AES_128_CBC_SHA256, TLS_ECDHE_RSA_WITH_AES_128_CBC_SHA256, TLS_RSA_WITH_AES_128_CBC_SHA256, TLS_ECDH_ECDSA_WITH_AES_128_CBC_SHA256, TLS_ECDH_RSA_WITH_AES_128_CBC_SHA256, TLS_DHE_RSA_WITH_AES_128_CBC_SHA256, TLS_DHE_DSS_WITH_AES_128_CBC_SHA256, TLS_ECDHE_ECDSA_WITH_AES_128_CBC_SHA, TLS_ECDHE_RSA_WITH_AES_128_CBC_SHA, TLS_RSA_WITH_AES_128_CBC_SHA, TLS_ECDH_ECDSA_WITH_AES_128_CBC_SHA, TLS_ECDH_RSA_WITH_AES_128_CBC_SHA, TLS_DHE_RSA_WITH_AES_128_CBC_SHA, TLS_DHE_DSS_WITH_AES_128_CBC_SHA, TLS_ECDHE_ECDSA_WITH_AES_256_GCM_SHA384, TLS_ECDHE_ECDSA_WITH_AES_128_GCM_SHA256, TLS_ECDHE_RSA_WITH_AES_256_GCM_SHA384, TLS_RSA_WITH_AES_256_GCM_SHA384, TLS_ECDH_ECDSA_WITH_AES_256_GCM_SHA384, TLS_ECDH_RSA_WITH_AES_256_GCM_SHA384, TLS_DHE_RSA_WITH_AES_256_GCM_SHA384, TLS_DHE_DSS_WITH_AES_256_GCM_SHA384, TLS_ECDHE_RSA_WITH_AES_128_GCM_SHA256, TLS_RSA_WITH_AES_128_GCM_SHA256, TLS_ECDH_ECDSA_WITH_AES_128_GCM_SHA256, TLS_ECDH_RSA_WITH_AES_128_GCM_SHA256, TLS_DHE_RSA_WITH_AES_128_GCM_SHA256, TLS_DHE_DSS_WITH_AES_128_GCM_SHA256, TLS_EMPTY_RENEGOTIATION_INFO_SCSV]
2021-02-01 14:00:51.109 [main] SSLConnectionSocketFactory - Starting handshake
2021-02-01 14:00:51.602 [main] SSLConnectionSocketFactory - Secure session established
2021-02-01 14:00:51.602 [main] SSLConnectionSocketFactory -  negotiated protocol: TLSv1.2
2021-02-01 14:00:51.603 [main] SSLConnectionSocketFactory -  negotiated cipher suite: TLS_ECDHE_RSA_WITH_AES_128_GCM_SHA256
2021-02-01 14:00:51.604 [main] SSLConnectionSocketFactory -  peer principal: CN=www.github.com, O="GitHub, Inc.", L=San Francisco, ST=California, C=US
2021-02-01 14:00:51.605 [main] SSLConnectionSocketFactory -  peer alternative names: [www.github.com, *.github.com, github.com, *.github.io, github.io, *.githubusercontent.com, githubusercontent.com]
2021-02-01 14:00:51.606 [main] SSLConnectionSocketFactory -  issuer principal: CN=DigiCert SHA2 High Assurance Server CA, OU=www.digicert.com, O=DigiCert Inc, C=US
2021-02-01 14:00:51.609 [main] DefaultHttpClientConnectionOperator - Connection established 10.1.178.25:52794<->199.232.56.133:443
2021-02-01 14:00:51.610 [main] DefaultManagedHttpClientConnection - http-outgoing-0: set socket timeout to 30000
2021-02-01 14:00:51.610 [main] MainClientExec - Executing request GET /bonigarcia/webdrivermanager/master/src/main/resources/versions.properties HTTP/1.1
2021-02-01 14:00:51.611 [main] MainClientExec - Target auth state: UNCHALLENGED
2021-02-01 14:00:51.613 [main] MainClientExec - Proxy auth state: UNCHALLENGED
2021-02-01 14:00:51.619 [main] headers - http-outgoing-0 >> GET /bonigarcia/webdrivermanager/master/src/main/resources/versions.properties HTTP/1.1
2021-02-01 14:00:51.619 [main] headers - http-outgoing-0 >> User-Agent: Apache-HttpClient/4.5.6
2021-02-01 14:00:51.620 [main] headers - http-outgoing-0 >> Connection: keep-alive
2021-02-01 14:00:51.620 [main] headers - http-outgoing-0 >> Host: raw.githubusercontent.com
2021-02-01 14:00:51.621 [main] headers - http-outgoing-0 >> Accept-Encoding: gzip,deflate
2021-02-01 14:00:51.621 [main] wire - http-outgoing-0 >> "GET /bonigarcia/webdrivermanager/master/src/main/resources/versions.properties HTTP/1.1[\r][\n]"
2021-02-01 14:00:51.622 [main] wire - http-outgoing-0 >> "User-Agent: Apache-HttpClient/4.5.6[\r][\n]"
2021-02-01 14:00:51.622 [main] wire - http-outgoing-0 >> "Connection: keep-alive[\r][\n]"
2021-02-01 14:00:51.623 [main] wire - http-outgoing-0 >> "Host: raw.githubusercontent.com[\r][\n]"
2021-02-01 14:00:51.623 [main] wire - http-outgoing-0 >> "Accept-Encoding: gzip,deflate[\r][\n]"
2021-02-01 14:00:51.624 [main] wire - http-outgoing-0 >> "[\r][\n]"
2021-02-01 14:00:51.815 [main] wire - http-outgoing-0 << "HTTP/1.1 200 OK[\r][\n]"
2021-02-01 14:00:51.815 [main] wire - http-outgoing-0 << "Connection: keep-alive[\r][\n]"
2021-02-01 14:00:51.815 [main] wire - http-outgoing-0 << "Content-Length: 989[\r][\n]"
2021-02-01 14:00:51.815 [main] wire - http-outgoing-0 << "Content-Type: text/plain; charset=utf-8[\r][\n]"
2021-02-01 14:00:51.815 [main] wire - http-outgoing-0 << "Cache-Control: max-age=300[\r][\n]"
2021-02-01 14:00:51.816 [main] wire - http-outgoing-0 << "Content-Security-Policy: default-src 'none'; style-src 'unsafe-inline'; sandbox[\r][\n]"
2021-02-01 14:00:51.816 [main] wire - http-outgoing-0 << "ETag: W/"4a0ace059fefd822df5f7ab6f3afa91b3fca077b946096c46065e4ca7bc124f8"[\r][\n]"
2021-02-01 14:00:51.816 [main] wire - http-outgoing-0 << "Strict-Transport-Security: max-age=31536000[\r][\n]"
2021-02-01 14:00:51.816 [main] wire - http-outgoing-0 << "X-Content-Type-Options: nosniff[\r][\n]"
2021-02-01 14:00:51.816 [main] wire - http-outgoing-0 << "X-Frame-Options: deny[\r][\n]"
2021-02-01 14:00:51.816 [main] wire - http-outgoing-0 << "X-XSS-Protection: 1; mode=block[\r][\n]"
2021-02-01 14:00:51.816 [main] wire - http-outgoing-0 << "Content-Encoding: gzip[\r][\n]"
2021-02-01 14:00:51.816 [main] wire - http-outgoing-0 << "X-GitHub-Request-Id: 8226:01EE:494C2B:4D8717:60150636[\r][\n]"
2021-02-01 14:00:51.816 [main] wire - http-outgoing-0 << "Accept-Ranges: bytes[\r][\n]"
2021-02-01 14:00:51.816 [main] wire - http-outgoing-0 << "Date: Mon, 01 Feb 2021 08:30:51 GMT[\r][\n]"
2021-02-01 14:00:51.817 [main] wire - http-outgoing-0 << "Via: 1.1 varnish[\r][\n]"
2021-02-01 14:00:51.817 [main] wire - http-outgoing-0 << "X-Served-By: cache-lon4283-LON[\r][\n]"
2021-02-01 14:00:51.817 [main] wire - http-outgoing-0 << "X-Cache: HIT[\r][\n]"
2021-02-01 14:00:51.817 [main] wire - http-outgoing-0 << "X-Cache-Hits: 1[\r][\n]"
2021-02-01 14:00:51.817 [main] wire - http-outgoing-0 << "X-Timer: S1612168252.981223,VS0,VE0[\r][\n]"
2021-02-01 14:00:51.817 [main] wire - http-outgoing-0 << "Vary: Authorization,Accept-Encoding, Accept-Encoding[\r][\n]"
2021-02-01 14:00:51.817 [main] wire - http-outgoing-0 << "Access-Control-Allow-Origin: *[\r][\n]"
2021-02-01 14:00:51.817 [main] wire - http-outgoing-0 << "X-Fastly-Request-ID: 8988b6444baf2527732c6ef77210d4c2831d1bdc[\r][\n]"
2021-02-01 14:00:51.817 [main] wire - http-outgoing-0 << "Expires: Mon, 01 Feb 2021 08:35:51 GMT[\r][\n]"
2021-02-01 14:00:51.817 [main] wire - http-outgoing-0 << "Source-Age: 164[\r][\n]"
2021-02-01 14:00:51.818 [main] wire - http-outgoing-0 << "[\r][\n]"
2021-02-01 14:00:51.820 [main] headers - http-outgoing-0 << HTTP/1.1 200 OK
2021-02-01 14:00:51.820 [main] headers - http-outgoing-0 << Connection: keep-alive
2021-02-01 14:00:51.820 [main] headers - http-outgoing-0 << Content-Length: 989
2021-02-01 14:00:51.821 [main] headers - http-outgoing-0 << Content-Type: text/plain; charset=utf-8
2021-02-01 14:00:51.821 [main] headers - http-outgoing-0 << Cache-Control: max-age=300
2021-02-01 14:00:51.821 [main] headers - http-outgoing-0 << Content-Security-Policy: default-src 'none'; style-src 'unsafe-inline'; sandbox
2021-02-01 14:00:51.821 [main] headers - http-outgoing-0 << ETag: W/"4a0ace059fefd822df5f7ab6f3afa91b3fca077b946096c46065e4ca7bc124f8"
2021-02-01 14:00:51.821 [main] headers - http-outgoing-0 << Strict-Transport-Security: max-age=31536000
2021-02-01 14:00:51.821 [main] headers - http-outgoing-0 << X-Content-Type-Options: nosniff
2021-02-01 14:00:51.821 [main] headers - http-outgoing-0 << X-Frame-Options: deny
2021-02-01 14:00:51.821 [main] headers - http-outgoing-0 << X-XSS-Protection: 1; mode=block
2021-02-01 14:00:51.821 [main] headers - http-outgoing-0 << Content-Encoding: gzip
2021-02-01 14:00:51.821 [main] headers - http-outgoing-0 << X-GitHub-Request-Id: 8226:01EE:494C2B:4D8717:60150636
2021-02-01 14:00:51.821 [main] headers - http-outgoing-0 << Accept-Ranges: bytes
2021-02-01 14:00:51.821 [main] headers - http-outgoing-0 << Date: Mon, 01 Feb 2021 08:30:51 GMT
2021-02-01 14:00:51.821 [main] headers - http-outgoing-0 << Via: 1.1 varnish
2021-02-01 14:00:51.821 [main] headers - http-outgoing-0 << X-Served-By: cache-lon4283-LON
2021-02-01 14:00:51.822 [main] headers - http-outgoing-0 << X-Cache: HIT
2021-02-01 14:00:51.822 [main] headers - http-outgoing-0 << X-Cache-Hits: 1
2021-02-01 14:00:51.822 [main] headers - http-outgoing-0 << X-Timer: S1612168252.981223,VS0,VE0
2021-02-01 14:00:51.822 [main] headers - http-outgoing-0 << Vary: Authorization,Accept-Encoding, Accept-Encoding
2021-02-01 14:00:51.822 [main] headers - http-outgoing-0 << Access-Control-Allow-Origin: *
2021-02-01 14:00:51.822 [main] headers - http-outgoing-0 << X-Fastly-Request-ID: 8988b6444baf2527732c6ef77210d4c2831d1bdc
2021-02-01 14:00:51.822 [main] headers - http-outgoing-0 << Expires: Mon, 01 Feb 2021 08:35:51 GMT
2021-02-01 14:00:51.822 [main] headers - http-outgoing-0 << Source-Age: 164
2021-02-01 14:00:51.826 [main] MainClientExec - Connection can be kept alive indefinitely
2021-02-01 14:00:51.832 [main] wire - http-outgoing-0 << "[0x1f][0x8b][0x8][0x0][0x0][0x0][0x0][0x0][0x0][0x3][0x8d][0x96][0xcb][0x8e][0xe3]6[0x10]E[0xf7][0xfe][\n]"
2021-02-01 14:00:51.832 [main] wire - http-outgoing-0 << "[0x1][0xb3]n[0x8a]/[0x91]T[0x3][0xdc][0xe4][0xb9][0x1a]d[0x91][0xfc][0x80][0xdb]f[0xdb][0xc2][0xc8][0xa6]![0xa9][0xc7]A[0xbe]>U[0xc5][0x87][0xd9][0xc6][0x4][0xc8]b[0xd0]S[0x87]E[0xf2]R,[0xde][0xf2][0x97][0xee][0xaf][0xf3][0xb4]v[0xef][0xd3][0x1c][0xba]C[0xbc]n[0xfb][0xe9][0xba]v[0xdb]9t[0xdf][0xae][0xf1]~[0xed][0x8e][0xcb][0xf4]=,[0x1d][0xfc][[0xa7][0x8]#[0x87]x[0xb9][0xed][0xb7][0xe9][\r][0xb2][0xef][0xd3]v[0xa6][0xcc]C\[0x96][0xb0][0xde][0xe2][0xf5]8]O[0xdd][0xdb][0x12][0xef][0xeb]c[0xca]n[0xf7][0xa5][0xfb])[0xa1][0xd7][0xee][0xf7][0x18]O0[0xf3][0xe7][0xf3][0x12]/[0xa1][0xdb]_[0x8f][0xe9][0xbf][0xd3][0xc7][0xa5]{[0xe9]~[0xa1][0xad]^[0xbb][0x3][0x8d][0xa6][0x8d]a[0xf2][0x9f][0xf1]c9[0x84][0xd7][0xee][0xbc]m[0xb7][0xd7][0xbe]oG[0x19][0x5]0[0x9b][0xc5][0xe5][0xd4][0x1f]A[0xef][0x1c][0xf7][0xc7]u[0x97]r[0xdc][0xe8][0xdd][0xc8]8[0xd3][\n]"
2021-02-01 14:00:51.832 [main] wire - http-outgoing-0 << "[0xfe]HU[0xa8][0xf3][0xce][0x11][0x95][0x9a][0x8d][0xa6]P[0xeb][0x9d]E*[0x1d]g[0xce][0x15]j[0xbc]3D5gR[0x16]:x7 [0x15]N1g[0xb][0xd5][0xde]i[0xa2][0xda]2[0xc5][0xb]U[0x1e][0x92][0x90]r[0xc5][0xd4]X[0xa8][0xf0]N [0xe5]Z3[0xa1][0xea]v[0xdc][0xc3][0xee][0x1c][0xf2]@[0x8b][0xe0]E[0x9b][0x1d][0xbd][0xc5]s[0xa8]Q[0xf]LU[0xea][0xbc][0xc5]s[0xa8][0x91][0xc3][0x1a]|[0xc8]K[[0xeb]-[0x1e]D93[0xc0][0xfa][0x85][0x1a]o[0xf1] [0xca][0xf1][0x91][0x9]Y[0xd7][0x18][0xbc][0xc5][0x93](k9[0x13][0x8f]l[0xed]-[0x1e]EY9[0xb2][0x9a][0xab][0xbc][0xc5][0x93]([0x3][0x7]2E[0xb2][0x95]^2]s[0xc4][0xa7][0x88]cT[0x84][0x99][0x11]#[0x9d][0x5][0x19][0x87]Q[0xf9][0xa2][0xc6]b$[0xca][0x98][0xc1][0xa8]H7[0x3]D[0xf5][0x13][0x19][0x8d]Q[0xf9][0xe6]FaTv7[0xa8]E[0xd5][0xfd]P[0x8b][0xaa][0xfb][0xa1][0x16][0xa5]>[0x15][0xe3][0xd7][0xf8][0xcf]4[0xcf][0xfb][0xee][0xb7]i[0x9][0xef][0xf1][0xef][0xa6][0x2]O[0xe1][0xf0]-[0xfe][0xb0][0x0]W[0xa8][0xc0][0x13][0xd4][0xfd][0xc7][0x1b][0x83][0x97][0xd0]_[0xd2][0x12]}3[0xa1]_[0xc2][0x1c][0xf6]kXw[0xef]i]7x([0x1e][0xb8][0xc0][\n]"
2021-02-01 14:00:51.832 [main] wire - http-outgoing-0 << "[0xf4]3P[0x8][0xe0]2k[0x86]|[0x6][0x2][0x1][0xdc]k[0xcd][0xe0]O[0x0][0x8a][0xe4]s[0x86]u[0x8][0xe0][0xd2][0xcb][0x14][0xa8][0x8c]'`[0x9e][0x1])m[0xa7][0x90][0xd2][0x16][0x90][0xd2][0x16][0x90][0xd2][0x16][0x90][0xd2][0x16][0x90][0xd2][0x6]@!<[0x1]R[\n]"
2021-02-01 14:00:51.832 [main] wire - http-outgoing-0 << "uX[0x94]B9[0x0][0x80][\n]"
2021-02-01 14:00:51.832 [main] wire - http-outgoing-0 << "[0xac][0x80][0x94][0xb6][0x80][0x94][0xb6][0x80][0x94]B}[0xd6])[0xa4][0xb4][0x5][0xa4]T6[0x19][0xa4][0x14][0x9e]a[0x9d]BJ[0x1b]0[0x90][0xd2][0x16][0x90][0xd2][0x16][0x90][0xd2][0x16][0x90]Rx[0xc4]e[0xd1][0x81][0x94]"h}[0xf0][0x8f][X[0xf6]M[0xc1]E[0x8c][0xff]O[0xc1]Q[0xe2][0x1a][0xdf][0xb7][0xfb]~[0x9]=E[0xc5][0x3][0xd3][0xf4]G[0xf9][0xd1][0xa0][0x5][0xff][0xa9][0xbe]f[0xec].A[0xd9][0xd8][0x9a][0xe3][0x19][0x82]'UW[0x13]\f[\n]"
2021-02-01 14:00:51.833 [main] wire - http-outgoing-0 << "[0x96]T][0xcd][0x8d][0x9][0xc2][\r]>Lm[0xcc][0x8b][0xc2][0x8b]n<M[0xa8][0x9c][\n]"
2021-02-01 14:00:51.833 [main] wire - http-outgoing-0 << "[0xbe][0xda]XZ[0xde][0xcb][0x80][0x1d]UG[0xb3]eU0[0xa3]jh`[0xab]$[0x15][0xde][0xfb][0xc3][0xce][0x84],[0xf3][0xc1][0x8b][0x1e]v[0xa6][0xb2]Vx[0xff][0x8d][0x9b][0xf1][0x92][0x9b]][0x88][0x96][0x83][0x1b]%KJA[0xf6][0xa0][0x14]d[0xb]JAv[0xa0][0x14]d[0x3]JA[0xf6][0x9f][0x14]d[0xfb]IAv[0x9f][0x14][0x90][0xf9][0xe4]o0d[0xef][0xa1][0x11][0x8d][\n]"
2021-02-01 14:00:51.833 [main] wire - http-outgoing-0 << "[0x8a]b[0x8d][\n]"
2021-02-01 14:00:51.833 [main] wire - http-outgoing-0 << "[0xa0]W[0xa4][0x11]T [0xf3][0xc7][0xd0][0xa8][0x0][0x82][0xb6]h[0xbe]N[0x87]%[0xe2][0xdd]w[0xbf][0x1e]O[0xa1][0xa9][0x9e][0xcb][0x1a][0x0][0xfc]g[0xf9][0x1c][0xc3][0xf7]0[0xe3][0x16][0xec]RV [0xf3][\n]"
2021-02-01 14:00:51.833 [main] wire - http-outgoing-0 << "[0xd7][0x97][0x8f][0xb5][0xaf][0xec][0x5][0x17][0xe9][0xb7][0x18][0xe7][0xb5][0xbf][0x87][0xb7]\N;[0xa4]#[0xf7]#[0xde][0xa2][0xc5][0x1b]&Rz[0xab][0x85]F[0xa1][0x13][0xc9]}[0xd5]r[0xe8];"[0xa1][0xdc]T[0x8d]A[0xf7][0xa3]i[0xb9][0xa1][0x1a]x[0x88]fL(w[0xd3][0xc1]hfsVn[0xa5][0x3][0xbd]p[0x9a]W[0xda](T[0xc8][0xe0][0x12][0x82]"[0x86][0xd7][0xc][0xb7][0x9][0x1d]-[0x91][0xd2]U[0x85]a[0xd6]&T:[0xaa][0x11]L[0x88][0x94]V[0xdb][0xa9]@w[0xc0][0xd5][0xc1]*[0xa9][0xf2]$[0x96]Z"[0xb9][0x8b]JUI[0xee][0xa0][0xd8][0xf3]sNn[0x9e]B[0xc1][0xaf][0x8b][0x84][0xb4][0xf6][0xb7]%[0xbc][0xc0]/[0xa8]m?[0xcf][0xe1]Hki[0xe9][\r][0x13]V@/[0xa2]P[0xf8][0x81][0x9]#[0xc7]t|[0xcd]=[0xb4][0xef][0x81][0x1b]E[0xa3][0xca]y[0x5][0x9d]X[0x8d])[0x94]X{[0xd0][0xdc][0x9d][0xa1]Q[0xc9]=[0x9c][0x83][0xc3][0xaf][0x91][0xdd][0xbf][0xc3][0x17]e[0xc6][0xb7][0x9][0x0][0x0]"
2021-02-01 14:00:51.834 [main] PoolingHttpClientConnectionManager - Connection [id: 0][route: {s}->https://raw.githubusercontent.com:443] can be kept alive indefinitely
2021-02-01 14:00:51.834 [main] PoolingHttpClientConnectionManager - Connection released: [id: 0][route: {s}->https://raw.githubusercontent.com:443][total kept alive: 1; route allocated: 1 of 2; total allocated: 1 of 20]
2021-02-01 14:00:57.620 [main] Connection$Base - Browser has been launched
2021-02-01 14:01:49.430 [main] Connection$Base - Clicked on the Library Panel
2021-02-01 14:02:02.367 [main] Connection$Base - Clicked on StoryTeller Icon 
2021-02-01 14:02:24.023 [main] cache - Couldn't find template in cache for "index.ftl"("en", UTF-8, parsed); will try to load it.
2021-02-01 14:02:24.025 [main] cache - TemplateLoader.findTemplateSource("index_en.ftl"): Not found
2021-02-01 14:02:24.029 [main] cache - TemplateLoader.findTemplateSource("index.ftl"): Found
2021-02-01 14:02:24.030 [main] cache - Loading template for "index.ftl"("en", UTF-8, parsed) from "jar:file:/C:/Users/pallavi.tr/.m2/repository/com/aventstack/extentreports/3.1.5/extentreports-3.1.5.jar!/com/aventstack/extentreports/view/html-report/index.ftl"
2021-02-01 14:02:24.374 [main] cache - Couldn't find template in cache for "head.ftl"("en", UTF-8, parsed); will try to load it.
2021-02-01 14:02:24.374 [main] cache - TemplateLoader.findTemplateSource("head_en.ftl"): Not found
2021-02-01 14:02:24.375 [main] cache - TemplateLoader.findTemplateSource("head.ftl"): Found
2021-02-01 14:02:24.375 [main] cache - Loading template for "head.ftl"("en", UTF-8, parsed) from "jar:file:/C:/Users/pallavi.tr/.m2/repository/com/aventstack/extentreports/3.1.5/extentreports-3.1.5.jar!/com/aventstack/extentreports/view/html-report/head.ftl"
2021-02-01 14:02:24.377 [main] cache - Couldn't find template in cache for "nav.ftl"("en", UTF-8, parsed); will try to load it.
2021-02-01 14:02:24.378 [main] cache - TemplateLoader.findTemplateSource("nav_en.ftl"): Not found
2021-02-01 14:02:24.378 [main] cache - TemplateLoader.findTemplateSource("nav.ftl"): Found
2021-02-01 14:02:24.378 [main] cache - Loading template for "nav.ftl"("en", UTF-8, parsed) from "jar:file:/C:/Users/pallavi.tr/.m2/repository/com/aventstack/extentreports/3.1.5/extentreports-3.1.5.jar!/com/aventstack/extentreports/view/html-report/nav.ftl"
2021-02-01 14:02:24.414 [main] cache - Couldn't find template in cache for "test-view/test-view.ftl"("en", UTF-8, parsed); will try to load it.
2021-02-01 14:02:24.415 [main] cache - TemplateLoader.findTemplateSource("test-view/test-view_en.ftl"): Not found
2021-02-01 14:02:24.415 [main] cache - TemplateLoader.findTemplateSource("test-view/test-view.ftl"): Found
2021-02-01 14:02:24.415 [main] cache - Loading template for "test-view/test-view.ftl"("en", UTF-8, parsed) from "jar:file:/C:/Users/pallavi.tr/.m2/repository/com/aventstack/extentreports/3.1.5/extentreports-3.1.5.jar!/com/aventstack/extentreports/view/html-report/test-view/test-view.ftl"
2021-02-01 14:02:24.428 [main] cache - Couldn't find template in cache for "test-view/standard.ftl"("en", UTF-8, parsed); will try to load it.
2021-02-01 14:02:24.428 [main] cache - TemplateLoader.findTemplateSource("test-view/standard_en.ftl"): Not found
2021-02-01 14:02:24.429 [main] cache - TemplateLoader.findTemplateSource("test-view/standard.ftl"): Found
2021-02-01 14:02:24.429 [main] cache - Loading template for "test-view/standard.ftl"("en", UTF-8, parsed) from "jar:file:/C:/Users/pallavi.tr/.m2/repository/com/aventstack/extentreports/3.1.5/extentreports-3.1.5.jar!/com/aventstack/extentreports/view/html-report/test-view/standard.ftl"
2021-02-01 14:02:24.441 [main] cache - "test-view/standard.ftl"("en", UTF-8, parsed) cached copy not yet stale; using cached.
2021-02-01 14:02:24.442 [main] cache - "test-view/standard.ftl"("en", UTF-8, parsed) cached copy not yet stale; using cached.
2021-02-01 14:02:24.460 [main] cache - "test-view/standard.ftl"("en", UTF-8, parsed) cached copy not yet stale; using cached.
2021-02-01 14:02:24.461 [main] cache - "test-view/standard.ftl"("en", UTF-8, parsed) cached copy not yet stale; using cached.
2021-02-01 14:02:24.462 [main] cache - Couldn't find template in cache for "test-view/test-view-charts.ftl"("en", UTF-8, parsed); will try to load it.
2021-02-01 14:02:24.462 [main] cache - TemplateLoader.findTemplateSource("test-view/test-view-charts_en.ftl"): Not found
2021-02-01 14:02:24.462 [main] cache - TemplateLoader.findTemplateSource("test-view/test-view-charts.ftl"): Found
2021-02-01 14:02:24.463 [main] cache - Loading template for "test-view/test-view-charts.ftl"("en", UTF-8, parsed) from "jar:file:/C:/Users/pallavi.tr/.m2/repository/com/aventstack/extentreports/3.1.5/extentreports-3.1.5.jar!/com/aventstack/extentreports/view/html-report/test-view/test-view-charts.ftl"
2021-02-01 14:02:24.469 [main] cache - Couldn't find template in cache for "category-view/category-view.ftl"("en", UTF-8, parsed); will try to load it.
2021-02-01 14:02:24.470 [main] cache - TemplateLoader.findTemplateSource("category-view/category-view_en.ftl"): Not found
2021-02-01 14:02:24.470 [main] cache - TemplateLoader.findTemplateSource("category-view/category-view.ftl"): Found
2021-02-01 14:02:24.470 [main] cache - Loading template for "category-view/category-view.ftl"("en", UTF-8, parsed) from "jar:file:/C:/Users/pallavi.tr/.m2/repository/com/aventstack/extentreports/3.1.5/extentreports-3.1.5.jar!/com/aventstack/extentreports/view/html-report/category-view/category-view.ftl"
2021-02-01 14:02:24.473 [main] cache - Couldn't find template in cache for "author-view/author-view.ftl"("en", UTF-8, parsed); will try to load it.
2021-02-01 14:02:24.473 [main] cache - TemplateLoader.findTemplateSource("author-view/author-view_en.ftl"): Not found
2021-02-01 14:02:24.474 [main] cache - TemplateLoader.findTemplateSource("author-view/author-view.ftl"): Found
2021-02-01 14:02:24.474 [main] cache - Loading template for "author-view/author-view.ftl"("en", UTF-8, parsed) from "jar:file:/C:/Users/pallavi.tr/.m2/repository/com/aventstack/extentreports/3.1.5/extentreports-3.1.5.jar!/com/aventstack/extentreports/view/html-report/author-view/author-view.ftl"
2021-02-01 14:02:24.477 [main] cache - Couldn't find template in cache for "exception-view/exception-view.ftl"("en", UTF-8, parsed); will try to load it.
2021-02-01 14:02:24.478 [main] cache - TemplateLoader.findTemplateSource("exception-view/exception-view_en.ftl"): Not found
2021-02-01 14:02:24.478 [main] cache - TemplateLoader.findTemplateSource("exception-view/exception-view.ftl"): Found
2021-02-01 14:02:24.478 [main] cache - Loading template for "exception-view/exception-view.ftl"("en", UTF-8, parsed) from "jar:file:/C:/Users/pallavi.tr/.m2/repository/com/aventstack/extentreports/3.1.5/extentreports-3.1.5.jar!/com/aventstack/extentreports/view/html-report/exception-view/exception-view.ftl"
2021-02-01 14:02:24.488 [main] cache - Couldn't find template in cache for "dashboard-view/dashboard-view.ftl"("en", UTF-8, parsed); will try to load it.
2021-02-01 14:02:24.488 [main] cache - TemplateLoader.findTemplateSource("dashboard-view/dashboard-view_en.ftl"): Not found
2021-02-01 14:02:24.488 [main] cache - TemplateLoader.findTemplateSource("dashboard-view/dashboard-view.ftl"): Found
2021-02-01 14:02:24.488 [main] cache - Loading template for "dashboard-view/dashboard-view.ftl"("en", UTF-8, parsed) from "jar:file:/C:/Users/pallavi.tr/.m2/repository/com/aventstack/extentreports/3.1.5/extentreports-3.1.5.jar!/com/aventstack/extentreports/view/html-report/dashboard-view/dashboard-view.ftl"
2021-02-01 14:02:24.495 [main] cache - Couldn't find template in cache for "logs-view/testrunner-logs-view.ftl"("en", UTF-8, parsed); will try to load it.
2021-02-01 14:02:24.496 [main] cache - TemplateLoader.findTemplateSource("logs-view/testrunner-logs-view_en.ftl"): Not found
2021-02-01 14:02:24.496 [main] cache - TemplateLoader.findTemplateSource("logs-view/testrunner-logs-view.ftl"): Found
2021-02-01 14:02:24.497 [main] cache - Loading template for "logs-view/testrunner-logs-view.ftl"("en", UTF-8, parsed) from "jar:file:/C:/Users/pallavi.tr/.m2/repository/com/aventstack/extentreports/3.1.5/extentreports-3.1.5.jar!/com/aventstack/extentreports/view/html-report/logs-view/testrunner-logs-view.ftl"
2021-02-01 14:02:24.520 [main] cache - Couldn't find template in cache for "index.ftl"("en", UTF-8, parsed); will try to load it.
2021-02-01 14:02:24.521 [main] cache - TemplateLoader.findTemplateSource("index_en.ftl"): Not found
2021-02-01 14:02:24.521 [main] cache - TemplateLoader.findTemplateSource("index.ftl"): Found
2021-02-01 14:02:24.522 [main] cache - Loading template for "index.ftl"("en", UTF-8, parsed) from "jar:file:/C:/Users/pallavi.tr/.m2/repository/com/aventstack/extentreports/3.1.5/extentreports-3.1.5.jar!/com/aventstack/extentreports/view/html-report/index.ftl"
2021-02-01 14:02:24.536 [main] cache - Couldn't find template in cache for "head.ftl"("en", UTF-8, parsed); will try to load it.
2021-02-01 14:02:24.536 [main] cache - TemplateLoader.findTemplateSource("head_en.ftl"): Not found
2021-02-01 14:02:24.537 [main] cache - TemplateLoader.findTemplateSource("head.ftl"): Found
2021-02-01 14:02:24.537 [main] cache - Loading template for "head.ftl"("en", UTF-8, parsed) from "jar:file:/C:/Users/pallavi.tr/.m2/repository/com/aventstack/extentreports/3.1.5/extentreports-3.1.5.jar!/com/aventstack/extentreports/view/html-report/head.ftl"
2021-02-01 14:02:24.541 [main] cache - Couldn't find template in cache for "nav.ftl"("en", UTF-8, parsed); will try to load it.
2021-02-01 14:02:24.543 [main] cache - TemplateLoader.findTemplateSource("nav_en.ftl"): Not found
2021-02-01 14:02:24.543 [main] cache - TemplateLoader.findTemplateSource("nav.ftl"): Found
2021-02-01 14:02:24.543 [main] cache - Loading template for "nav.ftl"("en", UTF-8, parsed) from "jar:file:/C:/Users/pallavi.tr/.m2/repository/com/aventstack/extentreports/3.1.5/extentreports-3.1.5.jar!/com/aventstack/extentreports/view/html-report/nav.ftl"
2021-02-01 14:02:24.546 [main] cache - Couldn't find template in cache for "test-view/test-view.ftl"("en", UTF-8, parsed); will try to load it.
2021-02-01 14:02:24.546 [main] cache - TemplateLoader.findTemplateSource("test-view/test-view_en.ftl"): Not found
2021-02-01 14:02:24.547 [main] cache - TemplateLoader.findTemplateSource("test-view/test-view.ftl"): Found
2021-02-01 14:02:24.547 [main] cache - Loading template for "test-view/test-view.ftl"("en", UTF-8, parsed) from "jar:file:/C:/Users/pallavi.tr/.m2/repository/com/aventstack/extentreports/3.1.5/extentreports-3.1.5.jar!/com/aventstack/extentreports/view/html-report/test-view/test-view.ftl"
2021-02-01 14:02:24.553 [main] cache - Couldn't find template in cache for "test-view/standard.ftl"("en", UTF-8, parsed); will try to load it.
2021-02-01 14:02:24.554 [main] cache - TemplateLoader.findTemplateSource("test-view/standard_en.ftl"): Not found
2021-02-01 14:02:24.554 [main] cache - TemplateLoader.findTemplateSource("test-view/standard.ftl"): Found
2021-02-01 14:02:24.554 [main] cache - Loading template for "test-view/standard.ftl"("en", UTF-8, parsed) from "jar:file:/C:/Users/pallavi.tr/.m2/repository/com/aventstack/extentreports/3.1.5/extentreports-3.1.5.jar!/com/aventstack/extentreports/view/html-report/test-view/standard.ftl"
2021-02-01 14:02:24.559 [main] cache - "test-view/standard.ftl"("en", UTF-8, parsed) cached copy not yet stale; using cached.
2021-02-01 14:02:24.560 [main] cache - "test-view/standard.ftl"("en", UTF-8, parsed) cached copy not yet stale; using cached.
2021-02-01 14:02:24.561 [main] cache - "test-view/standard.ftl"("en", UTF-8, parsed) cached copy not yet stale; using cached.
2021-02-01 14:02:24.562 [main] cache - "test-view/standard.ftl"("en", UTF-8, parsed) cached copy not yet stale; using cached.
2021-02-01 14:02:24.563 [main] cache - Couldn't find template in cache for "test-view/test-view-charts.ftl"("en", UTF-8, parsed); will try to load it.
2021-02-01 14:02:24.563 [main] cache - TemplateLoader.findTemplateSource("test-view/test-view-charts_en.ftl"): Not found
2021-02-01 14:02:24.563 [main] cache - TemplateLoader.findTemplateSource("test-view/test-view-charts.ftl"): Found
2021-02-01 14:02:24.564 [main] cache - Loading template for "test-view/test-view-charts.ftl"("en", UTF-8, parsed) from "jar:file:/C:/Users/pallavi.tr/.m2/repository/com/aventstack/extentreports/3.1.5/extentreports-3.1.5.jar!/com/aventstack/extentreports/view/html-report/test-view/test-view-charts.ftl"
2021-02-01 14:02:24.566 [main] cache - Couldn't find template in cache for "category-view/category-view.ftl"("en", UTF-8, parsed); will try to load it.
2021-02-01 14:02:24.569 [main] cache - TemplateLoader.findTemplateSource("category-view/category-view_en.ftl"): Not found
2021-02-01 14:02:24.569 [main] cache - TemplateLoader.findTemplateSource("category-view/category-view.ftl"): Found
2021-02-01 14:02:24.569 [main] cache - Loading template for "category-view/category-view.ftl"("en", UTF-8, parsed) from "jar:file:/C:/Users/pallavi.tr/.m2/repository/com/aventstack/extentreports/3.1.5/extentreports-3.1.5.jar!/com/aventstack/extentreports/view/html-report/category-view/category-view.ftl"
2021-02-01 14:02:24.571 [main] cache - Couldn't find template in cache for "author-view/author-view.ftl"("en", UTF-8, parsed); will try to load it.
2021-02-01 14:02:24.572 [main] cache - TemplateLoader.findTemplateSource("author-view/author-view_en.ftl"): Not found
2021-02-01 14:02:24.572 [main] cache - TemplateLoader.findTemplateSource("author-view/author-view.ftl"): Found
2021-02-01 14:02:24.572 [main] cache - Loading template for "author-view/author-view.ftl"("en", UTF-8, parsed) from "jar:file:/C:/Users/pallavi.tr/.m2/repository/com/aventstack/extentreports/3.1.5/extentreports-3.1.5.jar!/com/aventstack/extentreports/view/html-report/author-view/author-view.ftl"
2021-02-01 14:02:24.574 [main] cache - Couldn't find template in cache for "exception-view/exception-view.ftl"("en", UTF-8, parsed); will try to load it.
2021-02-01 14:02:24.575 [main] cache - TemplateLoader.findTemplateSource("exception-view/exception-view_en.ftl"): Not found
2021-02-01 14:02:24.575 [main] cache - TemplateLoader.findTemplateSource("exception-view/exception-view.ftl"): Found
2021-02-01 14:02:24.575 [main] cache - Loading template for "exception-view/exception-view.ftl"("en", UTF-8, parsed) from "jar:file:/C:/Users/pallavi.tr/.m2/repository/com/aventstack/extentreports/3.1.5/extentreports-3.1.5.jar!/com/aventstack/extentreports/view/html-report/exception-view/exception-view.ftl"
2021-02-01 14:02:24.578 [main] cache - Couldn't find template in cache for "dashboard-view/dashboard-view.ftl"("en", UTF-8, parsed); will try to load it.
2021-02-01 14:02:24.579 [main] cache - TemplateLoader.findTemplateSource("dashboard-view/dashboard-view_en.ftl"): Not found
2021-02-01 14:02:24.579 [main] cache - TemplateLoader.findTemplateSource("dashboard-view/dashboard-view.ftl"): Found
2021-02-01 14:02:24.579 [main] cache - Loading template for "dashboard-view/dashboard-view.ftl"("en", UTF-8, parsed) from "jar:file:/C:/Users/pallavi.tr/.m2/repository/com/aventstack/extentreports/3.1.5/extentreports-3.1.5.jar!/com/aventstack/extentreports/view/html-report/dashboard-view/dashboard-view.ftl"
2021-02-01 14:02:24.582 [main] cache - Couldn't find template in cache for "logs-view/testrunner-logs-view.ftl"("en", UTF-8, parsed); will try to load it.
2021-02-01 14:02:24.583 [main] cache - TemplateLoader.findTemplateSource("logs-view/testrunner-logs-view_en.ftl"): Not found
2021-02-01 14:02:24.583 [main] cache - TemplateLoader.findTemplateSource("logs-view/testrunner-logs-view.ftl"): Found
2021-02-01 14:02:24.583 [main] cache - Loading template for "logs-view/testrunner-logs-view.ftl"("en", UTF-8, parsed) from "jar:file:/C:/Users/pallavi.tr/.m2/repository/com/aventstack/extentreports/3.1.5/extentreports-3.1.5.jar!/com/aventstack/extentreports/view/html-report/logs-view/testrunner-logs-view.ftl"
